"../../../Engine/Content/Animation/DefaultAnimCurveCompressionSettings.uasset" 0
"../../../Engine/Content/Animation/DefaultAnimCurveCompressionSettings.uexp" 1
"../../../Engine/Content/Animation/DefaultAnimBoneCompressionSettings.uasset" 2
"../../../Engine/Content/Animation/DefaultAnimBoneCompressionSettings.uexp" 3
"C:/Users/User/Documents/Unreal Projects/HN_EarlyDays_Reborn/Content/Characters/Guest/GuestNew_Skeleton.uasset" 4
"C:/Users/User/Documents/Unreal Projects/HN_EarlyDays_Reborn/Content/Characters/Guest/GuestNew_Skeleton.uexp" 5
"C:/Users/User/Documents/Unreal Projects/HN_EarlyDays_Reborn/Content/Characters/Guest/Animations/Walk.uasset" 6
"C:/Users/User/Documents/Unreal Projects/HN_EarlyDays_Reborn/Content/Characters/Guest/Animations/Walk.uexp" 7
"C:/Users/User/Documents/Unreal Projects/HN_EarlyDays_Reborn/Content/Characters/Guest/Animations/Run.uasset" 8
"C:/Users/User/Documents/Unreal Projects/HN_EarlyDays_Reborn/Content/Characters/Guest/Animations/Run.uexp" 9
"C:/Users/User/Documents/Unreal Projects/HN_EarlyDays_Reborn/Content/Characters/Guest/Animations/Idle.uasset" 10
"C:/Users/User/Documents/Unreal Projects/HN_EarlyDays_Reborn/Content/Characters/Guest/Animations/Idle.uexp" 11
"C:/Users/User/Documents/Unreal Projects/HN_EarlyDays_Reborn/Content/Characters/Guest/Animations/BS_Move.uasset" 12
"C:/Users/User/Documents/Unreal Projects/HN_EarlyDays_Reborn/Content/Characters/Guest/Animations/BS_Move.uexp" 13
"C:/Users/User/Documents/Unreal Projects/HN_EarlyDays_Reborn/Content/Characters/Neighbor/Neighbor_Skeleton.uasset" 14
"C:/Users/User/Documents/Unreal Projects/HN_EarlyDays_Reborn/Content/Characters/Neighbor/Neighbor_Skeleton.uexp" 15
"C:/Users/User/Documents/Unreal Projects/HN_EarlyDays_Reborn/Content/Characters/Neighbor/Animations/Walk_PISSED_OFF.uasset" 16
"C:/Users/User/Documents/Unreal Projects/HN_EarlyDays_Reborn/Content/Characters/Neighbor/Animations/Walk_PISSED_OFF.uexp" 17
"C:/Users/User/Documents/Unreal Projects/HN_EarlyDays_Reborn/Content/Characters/Neighbor/Materials/MI_Neighbor_Teeth.uasset" 18
"C:/Users/User/Documents/Unreal Projects/HN_EarlyDays_Reborn/Content/Characters/Neighbor/Materials/MI_Neighbor_Teeth.uexp" 19
"C:/Users/User/Documents/Unreal Projects/HN_EarlyDays_Reborn/Content/Characters/Neighbor/Textures/T_Neighbor_Skin5_D.uasset" 20
"C:/Users/User/Documents/Unreal Projects/HN_EarlyDays_Reborn/Content/Characters/Neighbor/Textures/T_Neighbor_Skin5_D.uexp" 21
"C:/Users/User/Documents/Unreal Projects/HN_EarlyDays_Reborn/Content/Characters/Neighbor/Textures/T_Neighbor_Skin5_D.ubulk" 22
"C:/Users/User/Documents/Unreal Projects/HN_EarlyDays_Reborn/Content/Characters/Neighbor/Textures/T_Neighbor_Skin_D.uasset" 23
"C:/Users/User/Documents/Unreal Projects/HN_EarlyDays_Reborn/Content/Characters/Neighbor/Textures/T_Neighbor_Skin_D.uexp" 24
"C:/Users/User/Documents/Unreal Projects/HN_EarlyDays_Reborn/Content/Characters/Neighbor/Textures/T_Neighbor_Skin_D.ubulk" 25
"C:/Users/User/Documents/Unreal Projects/HN_EarlyDays_Reborn/Content/Characters/Neighbor/Textures/T_Neighbor_Skin_D_7.uasset" 26
"C:/Users/User/Documents/Unreal Projects/HN_EarlyDays_Reborn/Content/Characters/Neighbor/Textures/T_Neighbor_Skin_D_7.uexp" 27
"C:/Users/User/Documents/Unreal Projects/HN_EarlyDays_Reborn/Content/Characters/Neighbor/Textures/T_Neighbor_Skin_D_7.ubulk" 28
"C:/Users/User/Documents/Unreal Projects/HN_EarlyDays_Reborn/Content/Geometry/Buildings/Background/T_GenericHouseAtlasBlue_R.uasset" 29
"C:/Users/User/Documents/Unreal Projects/HN_EarlyDays_Reborn/Content/Geometry/Buildings/Background/T_GenericHouseAtlasBlue_R.uexp" 30
"C:/Users/User/Documents/Unreal Projects/HN_EarlyDays_Reborn/Content/Geometry/Buildings/Background/T_GenericHouseAtlasBlue_R.ubulk" 31
"C:/Users/User/Documents/Unreal Projects/HN_EarlyDays_Reborn/Content/Geometry/Buildings/Background/T_GenericHouseAtlasBlue_N.uasset" 32
"C:/Users/User/Documents/Unreal Projects/HN_EarlyDays_Reborn/Content/Geometry/Buildings/Background/T_GenericHouseAtlasBlue_N.uexp" 33
"C:/Users/User/Documents/Unreal Projects/HN_EarlyDays_Reborn/Content/Geometry/Buildings/Background/T_GenericHouseAtlasBlue_N.ubulk" 34
"C:/Users/User/Documents/Unreal Projects/HN_EarlyDays_Reborn/Content/Geometry/Buildings/Background/T_GenericHouseAtlasBlue_D.uasset" 35
"C:/Users/User/Documents/Unreal Projects/HN_EarlyDays_Reborn/Content/Geometry/Buildings/Background/T_GenericHouseAtlasBlue_D.uexp" 36
"C:/Users/User/Documents/Unreal Projects/HN_EarlyDays_Reborn/Content/Geometry/Buildings/Background/T_GenericHouseAtlasBlue_D.ubulk" 37
"C:/Users/User/Documents/Unreal Projects/HN_EarlyDays_Reborn/Content/Geometry/Buildings/Background/MI_GenericHouseBlue.uasset" 38
"C:/Users/User/Documents/Unreal Projects/HN_EarlyDays_Reborn/Content/Geometry/Buildings/Background/MI_GenericHouseBlue.uexp" 39
"C:/Users/User/Documents/Unreal Projects/HN_EarlyDays_Reborn/Content/Geometry/Buildings/Background/GenericHouse_02.uasset" 40
"C:/Users/User/Documents/Unreal Projects/HN_EarlyDays_Reborn/Content/Geometry/Buildings/Background/GenericHouse_02.uexp" 41
"C:/Users/User/Documents/Unreal Projects/HN_EarlyDays_Reborn/Content/Geometry/Buildings/Background/T_GenericHouseAtlasGreen_D.uasset" 42
"C:/Users/User/Documents/Unreal Projects/HN_EarlyDays_Reborn/Content/Geometry/Buildings/Background/T_GenericHouseAtlasGreen_D.uexp" 43
"C:/Users/User/Documents/Unreal Projects/HN_EarlyDays_Reborn/Content/Geometry/Buildings/Background/T_GenericHouseAtlasGreen_D.ubulk" 44
"C:/Users/User/Documents/Unreal Projects/HN_EarlyDays_Reborn/Content/Geometry/Buildings/Background/MI_GenericHouseGreen.uasset" 45
"C:/Users/User/Documents/Unreal Projects/HN_EarlyDays_Reborn/Content/Geometry/Buildings/Background/MI_GenericHouseGreen.uexp" 46
"C:/Users/User/Documents/Unreal Projects/HN_EarlyDays_Reborn/Content/Geometry/Buildings/Background/GenericHouse_04.uasset" 47
"C:/Users/User/Documents/Unreal Projects/HN_EarlyDays_Reborn/Content/Geometry/Buildings/Background/GenericHouse_04.uexp" 48
"C:/Users/User/Documents/Unreal Projects/HN_EarlyDays_Reborn/Content/Geometry/Buildings/PlayerHouse/PreAlpha/Textures/flooring.uasset" 49
"C:/Users/User/Documents/Unreal Projects/HN_EarlyDays_Reborn/Content/Geometry/Buildings/PlayerHouse/PreAlpha/Textures/flooring.uexp" 50
"C:/Users/User/Documents/Unreal Projects/HN_EarlyDays_Reborn/Content/Geometry/Buildings/NeighborHouse/PreAlpha/Materials/bath_floor_inst.uasset" 51
"C:/Users/User/Documents/Unreal Projects/HN_EarlyDays_Reborn/Content/Geometry/Buildings/NeighborHouse/PreAlpha/Materials/bath_floor_inst.uexp" 52
"C:/Users/User/Documents/Unreal Projects/HN_EarlyDays_Reborn/Content/Geometry/Buildings/NeighborHouse/PreAlpha/Materials/bath_inst.uasset" 53
"C:/Users/User/Documents/Unreal Projects/HN_EarlyDays_Reborn/Content/Geometry/Buildings/NeighborHouse/PreAlpha/Materials/bath_inst.uexp" 54
"C:/Users/User/Documents/Unreal Projects/HN_EarlyDays_Reborn/Content/Geometry/Buildings/NeighborHouse/PreAlpha/Materials/enter_inst.uasset" 55
"C:/Users/User/Documents/Unreal Projects/HN_EarlyDays_Reborn/Content/Geometry/Buildings/NeighborHouse/PreAlpha/Materials/enter_inst.uexp" 56
"C:/Users/User/Documents/Unreal Projects/HN_EarlyDays_Reborn/Content/Geometry/Buildings/NeighborHouse/PreAlpha/Textures/floor_rough.uasset" 57
"C:/Users/User/Documents/Unreal Projects/HN_EarlyDays_Reborn/Content/Geometry/Buildings/NeighborHouse/PreAlpha/Textures/floor_rough.uexp" 58
"C:/Users/User/Documents/Unreal Projects/HN_EarlyDays_Reborn/Content/Geometry/Buildings/NeighborHouse/PreAlpha/Textures/floor_rough.ubulk" 59
"C:/Users/User/Documents/Unreal Projects/HN_EarlyDays_Reborn/Content/Geometry/Buildings/NeighborHouse/PreAlpha/Textures/floor_norm.uasset" 60
"C:/Users/User/Documents/Unreal Projects/HN_EarlyDays_Reborn/Content/Geometry/Buildings/NeighborHouse/PreAlpha/Textures/floor_norm.uexp" 61
"C:/Users/User/Documents/Unreal Projects/HN_EarlyDays_Reborn/Content/Geometry/Buildings/NeighborHouse/PreAlpha/Textures/floor_norm.ubulk" 62
"C:/Users/User/Documents/Unreal Projects/HN_EarlyDays_Reborn/Content/Geometry/Buildings/NeighborHouse/PreAlpha/Textures/floor_dif.uasset" 63
"C:/Users/User/Documents/Unreal Projects/HN_EarlyDays_Reborn/Content/Geometry/Buildings/NeighborHouse/PreAlpha/Textures/floor_dif.uexp" 64
"C:/Users/User/Documents/Unreal Projects/HN_EarlyDays_Reborn/Content/Geometry/Buildings/NeighborHouse/PreAlpha/Textures/floor_dif.ubulk" 65
"C:/Users/User/Documents/Unreal Projects/HN_EarlyDays_Reborn/Content/Geometry/Buildings/NeighborHouse/PreAlpha/Materials/floor_inst.uasset" 66
"C:/Users/User/Documents/Unreal Projects/HN_EarlyDays_Reborn/Content/Geometry/Buildings/NeighborHouse/PreAlpha/Materials/floor_inst.uexp" 67
"C:/Users/User/Documents/Unreal Projects/HN_EarlyDays_Reborn/Content/Geometry/Buildings/PlayerHouse/PreAlpha/Textures/foundation.uasset" 68
"C:/Users/User/Documents/Unreal Projects/HN_EarlyDays_Reborn/Content/Geometry/Buildings/PlayerHouse/PreAlpha/Textures/foundation.uexp" 69
"C:/Users/User/Documents/Unreal Projects/HN_EarlyDays_Reborn/Content/Geometry/Buildings/PlayerHouse/PreAlpha/Textures/foundation.ubulk" 70
"C:/Users/User/Documents/Unreal Projects/HN_EarlyDays_Reborn/Content/Geometry/Buildings/NeighborHouse/PreAlpha/Materials/foundation_inst.uasset" 71
"C:/Users/User/Documents/Unreal Projects/HN_EarlyDays_Reborn/Content/Geometry/Buildings/NeighborHouse/PreAlpha/Materials/foundation_inst.uexp" 72
"C:/Users/User/Documents/Unreal Projects/HN_EarlyDays_Reborn/Content/Geometry/Buildings/NeighborHouse/PreAlpha/Textures/tile_1_Rough.uasset" 73
"C:/Users/User/Documents/Unreal Projects/HN_EarlyDays_Reborn/Content/Geometry/Buildings/NeighborHouse/PreAlpha/Textures/tile_1_Rough.uexp" 74
"C:/Users/User/Documents/Unreal Projects/HN_EarlyDays_Reborn/Content/Geometry/Buildings/NeighborHouse/PreAlpha/Textures/tile_1_norm.uasset" 75
"C:/Users/User/Documents/Unreal Projects/HN_EarlyDays_Reborn/Content/Geometry/Buildings/NeighborHouse/PreAlpha/Textures/tile_1_norm.uexp" 76
"C:/Users/User/Documents/Unreal Projects/HN_EarlyDays_Reborn/Content/Geometry/Buildings/NeighborHouse/PreAlpha/Textures/tile_1.uasset" 77
"C:/Users/User/Documents/Unreal Projects/HN_EarlyDays_Reborn/Content/Geometry/Buildings/NeighborHouse/PreAlpha/Textures/tile_1.uexp" 78
"C:/Users/User/Documents/Unreal Projects/HN_EarlyDays_Reborn/Content/Geometry/Buildings/NeighborHouse/PreAlpha/Materials/garage_floor_inst.uasset" 79
"C:/Users/User/Documents/Unreal Projects/HN_EarlyDays_Reborn/Content/Geometry/Buildings/NeighborHouse/PreAlpha/Materials/garage_floor_inst.uexp" 80
"C:/Users/User/Documents/Unreal Projects/HN_EarlyDays_Reborn/Content/Geometry/Buildings/NeighborHouse/PreAlpha/Textures/outside_spec.uasset" 81
"C:/Users/User/Documents/Unreal Projects/HN_EarlyDays_Reborn/Content/Geometry/Buildings/NeighborHouse/PreAlpha/Textures/outside_spec.uexp" 82
"C:/Users/User/Documents/Unreal Projects/HN_EarlyDays_Reborn/Content/Geometry/Buildings/NeighborHouse/PreAlpha/Textures/outside_spec.ubulk" 83
"C:/Users/User/Documents/Unreal Projects/HN_EarlyDays_Reborn/Content/Geometry/Buildings/NeighborHouse/PreAlpha/Textures/outside_rough.uasset" 84
"C:/Users/User/Documents/Unreal Projects/HN_EarlyDays_Reborn/Content/Geometry/Buildings/NeighborHouse/PreAlpha/Textures/outside_rough.uexp" 85
"C:/Users/User/Documents/Unreal Projects/HN_EarlyDays_Reborn/Content/Geometry/Buildings/NeighborHouse/PreAlpha/Textures/outside_rough.ubulk" 86
"C:/Users/User/Documents/Unreal Projects/HN_EarlyDays_Reborn/Content/Geometry/Buildings/NeighborHouse/PreAlpha/Textures/outside_norm.uasset" 87
"C:/Users/User/Documents/Unreal Projects/HN_EarlyDays_Reborn/Content/Geometry/Buildings/NeighborHouse/PreAlpha/Textures/outside_norm.uexp" 88
"C:/Users/User/Documents/Unreal Projects/HN_EarlyDays_Reborn/Content/Geometry/Buildings/NeighborHouse/PreAlpha/Textures/outside_norm.ubulk" 89
"C:/Users/User/Documents/Unreal Projects/HN_EarlyDays_Reborn/Content/Geometry/Buildings/NeighborHouse/PreAlpha/Textures/outside_dif.uasset" 90
"C:/Users/User/Documents/Unreal Projects/HN_EarlyDays_Reborn/Content/Geometry/Buildings/NeighborHouse/PreAlpha/Textures/outside_dif.uexp" 91
"C:/Users/User/Documents/Unreal Projects/HN_EarlyDays_Reborn/Content/Geometry/Buildings/NeighborHouse/PreAlpha/Textures/outside_dif.ubulk" 92
"C:/Users/User/Documents/Unreal Projects/HN_EarlyDays_Reborn/Content/Geometry/Buildings/NeighborHouse/PreAlpha/Materials/Exterior_Wall.uasset" 93
"C:/Users/User/Documents/Unreal Projects/HN_EarlyDays_Reborn/Content/Geometry/Buildings/NeighborHouse/PreAlpha/Materials/Exterior_Wall.uexp" 94
"C:/Users/User/Documents/Unreal Projects/HN_EarlyDays_Reborn/Content/Geometry/Buildings/PlayerHouse/PreAlpha/Textures/wood.uasset" 95
"C:/Users/User/Documents/Unreal Projects/HN_EarlyDays_Reborn/Content/Geometry/Buildings/PlayerHouse/PreAlpha/Textures/wood.uexp" 96
"C:/Users/User/Documents/Unreal Projects/HN_EarlyDays_Reborn/Content/Geometry/Buildings/PlayerHouse/PreAlpha/Textures/wood.ubulk" 97
"C:/Users/User/Documents/Unreal Projects/HN_EarlyDays_Reborn/Content/Geometry/Buildings/NeighborHouse/Materials/Stairs.uasset" 98
"C:/Users/User/Documents/Unreal Projects/HN_EarlyDays_Reborn/Content/Geometry/Buildings/NeighborHouse/Materials/Stairs.uexp" 99
"C:/Users/User/Documents/Unreal Projects/HN_EarlyDays_Reborn/Content/Geometry/Buildings/NeighborHouse/Materials/Garage_Wall.uasset" 100
"C:/Users/User/Documents/Unreal Projects/HN_EarlyDays_Reborn/Content/Geometry/Buildings/NeighborHouse/Materials/Garage_Wall.uexp" 101
"C:/Users/User/Documents/Unreal Projects/HN_EarlyDays_Reborn/Content/Geometry/Buildings/NeighborHouse/PreAlpha/Materials/WorldGridMaterial.uasset" 102
"C:/Users/User/Documents/Unreal Projects/HN_EarlyDays_Reborn/Content/Geometry/Buildings/NeighborHouse/PreAlpha/Materials/WorldGridMaterial.uexp" 103
"C:/Users/User/Documents/Unreal Projects/HN_EarlyDays_Reborn/Content/Geometry/Buildings/NeighborHouse/PreAlpha/Textures/wallpaper_6_dif.uasset" 104
"C:/Users/User/Documents/Unreal Projects/HN_EarlyDays_Reborn/Content/Geometry/Buildings/NeighborHouse/PreAlpha/Textures/wallpaper_6_dif.uexp" 105
"C:/Users/User/Documents/Unreal Projects/HN_EarlyDays_Reborn/Content/Geometry/Buildings/NeighborHouse/PreAlpha/Textures/wallpaper_6_dif.ubulk" 106
"C:/Users/User/Documents/Unreal Projects/HN_EarlyDays_Reborn/Content/Geometry/Buildings/NeighborHouse/PreAlpha/Materials/wallpapers_6_inst.uasset" 107
"C:/Users/User/Documents/Unreal Projects/HN_EarlyDays_Reborn/Content/Geometry/Buildings/NeighborHouse/PreAlpha/Materials/wallpapers_6_inst.uexp" 108
"C:/Users/User/Documents/Unreal Projects/HN_EarlyDays_Reborn/Content/Geometry/Buildings/NeighborHouse/PreAlpha/Textures/wallpaper_5_dif.uasset" 109
"C:/Users/User/Documents/Unreal Projects/HN_EarlyDays_Reborn/Content/Geometry/Buildings/NeighborHouse/PreAlpha/Textures/wallpaper_5_dif.uexp" 110
"C:/Users/User/Documents/Unreal Projects/HN_EarlyDays_Reborn/Content/Geometry/Buildings/NeighborHouse/PreAlpha/Textures/wallpaper_5_dif.ubulk" 111
"C:/Users/User/Documents/Unreal Projects/HN_EarlyDays_Reborn/Content/Geometry/Buildings/NeighborHouse/PreAlpha/Materials/wallpapers_5_inst.uasset" 112
"C:/Users/User/Documents/Unreal Projects/HN_EarlyDays_Reborn/Content/Geometry/Buildings/NeighborHouse/PreAlpha/Materials/wallpapers_5_inst.uexp" 113
"C:/Users/User/Documents/Unreal Projects/HN_EarlyDays_Reborn/Content/Geometry/Buildings/NeighborHouse/PreAlpha/Textures/wallpaper_4_dif.uasset" 114
"C:/Users/User/Documents/Unreal Projects/HN_EarlyDays_Reborn/Content/Geometry/Buildings/NeighborHouse/PreAlpha/Textures/wallpaper_4_dif.uexp" 115
"C:/Users/User/Documents/Unreal Projects/HN_EarlyDays_Reborn/Content/Geometry/Buildings/NeighborHouse/PreAlpha/Textures/wallpaper_4_dif.ubulk" 116
"C:/Users/User/Documents/Unreal Projects/HN_EarlyDays_Reborn/Content/Geometry/Buildings/NeighborHouse/PreAlpha/Materials/wallpapers_4_inst.uasset" 117
"C:/Users/User/Documents/Unreal Projects/HN_EarlyDays_Reborn/Content/Geometry/Buildings/NeighborHouse/PreAlpha/Materials/wallpapers_4_inst.uexp" 118
"C:/Users/User/Documents/Unreal Projects/HN_EarlyDays_Reborn/Content/Geometry/Buildings/NeighborHouse/PreAlpha/Textures/wallpaper_3_dif.uasset" 119
"C:/Users/User/Documents/Unreal Projects/HN_EarlyDays_Reborn/Content/Geometry/Buildings/NeighborHouse/PreAlpha/Textures/wallpaper_3_dif.uexp" 120
"C:/Users/User/Documents/Unreal Projects/HN_EarlyDays_Reborn/Content/Geometry/Buildings/NeighborHouse/PreAlpha/Textures/wallpaper_3_dif.ubulk" 121
"C:/Users/User/Documents/Unreal Projects/HN_EarlyDays_Reborn/Content/Geometry/Buildings/NeighborHouse/PreAlpha/Materials/wallpapers_3_inst.uasset" 122
"C:/Users/User/Documents/Unreal Projects/HN_EarlyDays_Reborn/Content/Geometry/Buildings/NeighborHouse/PreAlpha/Materials/wallpapers_3_inst.uexp" 123
"C:/Users/User/Documents/Unreal Projects/HN_EarlyDays_Reborn/Content/Geometry/Buildings/NeighborHouse/PreAlpha/Textures/wallpaper_2_dif_NRM.uasset" 124
"C:/Users/User/Documents/Unreal Projects/HN_EarlyDays_Reborn/Content/Geometry/Buildings/NeighborHouse/PreAlpha/Textures/wallpaper_2_dif_NRM.uexp" 125
"C:/Users/User/Documents/Unreal Projects/HN_EarlyDays_Reborn/Content/Geometry/Buildings/NeighborHouse/PreAlpha/Textures/wallpaper_2_dif.uasset" 126
"C:/Users/User/Documents/Unreal Projects/HN_EarlyDays_Reborn/Content/Geometry/Buildings/NeighborHouse/PreAlpha/Textures/wallpaper_2_dif.uexp" 127
"C:/Users/User/Documents/Unreal Projects/HN_EarlyDays_Reborn/Content/Geometry/Buildings/NeighborHouse/PreAlpha/Materials/wallpapers_2_inst.uasset" 128
"C:/Users/User/Documents/Unreal Projects/HN_EarlyDays_Reborn/Content/Geometry/Buildings/NeighborHouse/PreAlpha/Materials/wallpapers_2_inst.uexp" 129
"C:/Users/User/Documents/Unreal Projects/HN_EarlyDays_Reborn/Content/Geometry/Buildings/NeighborHouse/PreAlpha/Textures/wallpaper_1_dif.uasset" 130
"C:/Users/User/Documents/Unreal Projects/HN_EarlyDays_Reborn/Content/Geometry/Buildings/NeighborHouse/PreAlpha/Textures/wallpaper_1_dif.uexp" 131
"C:/Users/User/Documents/Unreal Projects/HN_EarlyDays_Reborn/Content/Geometry/Buildings/NeighborHouse/PreAlpha/Textures/wallpaper_1_dif.ubulk" 132
"C:/Users/User/Documents/Unreal Projects/HN_EarlyDays_Reborn/Content/Geometry/Buildings/NeighborHouse/PreAlpha/Materials/wallpapers_1_inst.uasset" 133
"C:/Users/User/Documents/Unreal Projects/HN_EarlyDays_Reborn/Content/Geometry/Buildings/NeighborHouse/PreAlpha/Materials/wallpapers_1_inst.uexp" 134
"C:/Users/User/Documents/Unreal Projects/HN_EarlyDays_Reborn/Content/Geometry/Buildings/PlayerHouse/PreAlpha/Textures/roof.uasset" 135
"C:/Users/User/Documents/Unreal Projects/HN_EarlyDays_Reborn/Content/Geometry/Buildings/PlayerHouse/PreAlpha/Textures/roof.uexp" 136
"C:/Users/User/Documents/Unreal Projects/HN_EarlyDays_Reborn/Content/Geometry/Buildings/PlayerHouse/PreAlpha/Textures/roof.ubulk" 137
"C:/Users/User/Documents/Unreal Projects/HN_EarlyDays_Reborn/Content/Geometry/Buildings/NeighborHouse/PreAlpha/Materials/roof_inst.uasset" 138
"C:/Users/User/Documents/Unreal Projects/HN_EarlyDays_Reborn/Content/Geometry/Buildings/NeighborHouse/PreAlpha/Materials/roof_inst.uexp" 139
"C:/Users/User/Documents/Unreal Projects/HN_EarlyDays_Reborn/Content/Geometry/Buildings/PlayerHouse/PreAlpha/Textures/room.uasset" 140
"C:/Users/User/Documents/Unreal Projects/HN_EarlyDays_Reborn/Content/Geometry/Buildings/PlayerHouse/PreAlpha/Textures/room.uexp" 141
"C:/Users/User/Documents/Unreal Projects/HN_EarlyDays_Reborn/Content/Geometry/Buildings/PlayerHouse/PreAlpha/Textures/room.ubulk" 142
"C:/Users/User/Documents/Unreal Projects/HN_EarlyDays_Reborn/Content/Geometry/Buildings/NeighborHouse/PreAlpha/Materials/inside_inst.uasset" 143
"C:/Users/User/Documents/Unreal Projects/HN_EarlyDays_Reborn/Content/Geometry/Buildings/NeighborHouse/PreAlpha/Materials/inside_inst.uexp" 144
"C:/Users/User/Documents/Unreal Projects/HN_EarlyDays_Reborn/Content/Geometry/Buildings/NeighborHouse/PreAlpha/HouseTest.uasset" 145
"C:/Users/User/Documents/Unreal Projects/HN_EarlyDays_Reborn/Content/Geometry/Buildings/NeighborHouse/PreAlpha/HouseTest.uexp" 146
"C:/Users/User/Documents/Unreal Projects/HN_EarlyDays_Reborn/Content/Geometry/Buildings/NeighborHouse/PreAlpha/Materials/house_part_m.uasset" 147
"C:/Users/User/Documents/Unreal Projects/HN_EarlyDays_Reborn/Content/Geometry/Buildings/NeighborHouse/PreAlpha/Materials/house_part_m.uexp" 148
"C:/Users/User/Documents/Unreal Projects/HN_EarlyDays_Reborn/Content/Geometry/Buildings/NeighborHouse/PreAlpha/Materials/outside_m.uasset" 149
"C:/Users/User/Documents/Unreal Projects/HN_EarlyDays_Reborn/Content/Geometry/Buildings/NeighborHouse/PreAlpha/Materials/outside_m.uexp" 150
"C:/Users/User/Documents/Unreal Projects/HN_EarlyDays_Reborn/Content/Geometry/Buildings/NeighborHouse/PreAlpha/Textures/bed_dif.uasset" 151
"C:/Users/User/Documents/Unreal Projects/HN_EarlyDays_Reborn/Content/Geometry/Buildings/NeighborHouse/PreAlpha/Textures/bed_dif.uexp" 152
"C:/Users/User/Documents/Unreal Projects/HN_EarlyDays_Reborn/Content/Geometry/Buildings/NeighborHouse/PreAlpha/Textures/bed_dif.ubulk" 153
"C:/Users/User/Documents/Unreal Projects/HN_EarlyDays_Reborn/Content/Geometry/Buildings/NeighborHouse/PreAlpha/Textures/bed_norm.uasset" 154
"C:/Users/User/Documents/Unreal Projects/HN_EarlyDays_Reborn/Content/Geometry/Buildings/NeighborHouse/PreAlpha/Textures/bed_norm.uexp" 155
"C:/Users/User/Documents/Unreal Projects/HN_EarlyDays_Reborn/Content/Geometry/Buildings/NeighborHouse/PreAlpha/Textures/bed_norm.ubulk" 156
"C:/Users/User/Documents/Unreal Projects/HN_EarlyDays_Reborn/Content/Geometry/Buildings/NeighborHouse/PreAlpha/Textures/bed_rough.uasset" 157
"C:/Users/User/Documents/Unreal Projects/HN_EarlyDays_Reborn/Content/Geometry/Buildings/NeighborHouse/PreAlpha/Textures/bed_rough.uexp" 158
"C:/Users/User/Documents/Unreal Projects/HN_EarlyDays_Reborn/Content/Geometry/Buildings/NeighborHouse/PreAlpha/Textures/bed_rough.ubulk" 159
"C:/Users/User/Documents/Unreal Projects/HN_EarlyDays_Reborn/Content/Geometry/Buildings/NeighborHouse/PreAlpha/Textures/bottle_dif.uasset" 160
"C:/Users/User/Documents/Unreal Projects/HN_EarlyDays_Reborn/Content/Geometry/Buildings/NeighborHouse/PreAlpha/Textures/bottle_dif.uexp" 161
"C:/Users/User/Documents/Unreal Projects/HN_EarlyDays_Reborn/Content/Geometry/Buildings/NeighborHouse/PreAlpha/Textures/bottle_dif.ubulk" 162
"C:/Users/User/Documents/Unreal Projects/HN_EarlyDays_Reborn/Content/Geometry/Buildings/NeighborHouse/PreAlpha/Textures/bottle_rough.uasset" 163
"C:/Users/User/Documents/Unreal Projects/HN_EarlyDays_Reborn/Content/Geometry/Buildings/NeighborHouse/PreAlpha/Textures/bottle_rough.uexp" 164
"C:/Users/User/Documents/Unreal Projects/HN_EarlyDays_Reborn/Content/Geometry/Buildings/NeighborHouse/PreAlpha/Textures/bottle_rough.ubulk" 165
"C:/Users/User/Documents/Unreal Projects/HN_EarlyDays_Reborn/Content/Geometry/Buildings/NeighborHouse/PreAlpha/Textures/corridor.uasset" 166
"C:/Users/User/Documents/Unreal Projects/HN_EarlyDays_Reborn/Content/Geometry/Buildings/NeighborHouse/PreAlpha/Textures/corridor.uexp" 167
"C:/Users/User/Documents/Unreal Projects/HN_EarlyDays_Reborn/Content/Geometry/Buildings/NeighborHouse/PreAlpha/Textures/corridor.ubulk" 168
"C:/Users/User/Documents/Unreal Projects/HN_EarlyDays_Reborn/Content/Geometry/Buildings/NeighborHouse/PreAlpha/Textures/fence_dif.uasset" 169
"C:/Users/User/Documents/Unreal Projects/HN_EarlyDays_Reborn/Content/Geometry/Buildings/NeighborHouse/PreAlpha/Textures/fence_dif.uexp" 170
"C:/Users/User/Documents/Unreal Projects/HN_EarlyDays_Reborn/Content/Geometry/Buildings/NeighborHouse/PreAlpha/Textures/fence_dif.ubulk" 171
"C:/Users/User/Documents/Unreal Projects/HN_EarlyDays_Reborn/Content/Geometry/Buildings/NeighborHouse/PreAlpha/Textures/fence_norm.uasset" 172
"C:/Users/User/Documents/Unreal Projects/HN_EarlyDays_Reborn/Content/Geometry/Buildings/NeighborHouse/PreAlpha/Textures/fence_norm.uexp" 173
"C:/Users/User/Documents/Unreal Projects/HN_EarlyDays_Reborn/Content/Geometry/Buildings/NeighborHouse/PreAlpha/Textures/fence_norm.ubulk" 174
"C:/Users/User/Documents/Unreal Projects/HN_EarlyDays_Reborn/Content/Geometry/Buildings/NeighborHouse/PreAlpha/Textures/fence_rough.uasset" 175
"C:/Users/User/Documents/Unreal Projects/HN_EarlyDays_Reborn/Content/Geometry/Buildings/NeighborHouse/PreAlpha/Textures/fence_rough.uexp" 176
"C:/Users/User/Documents/Unreal Projects/HN_EarlyDays_Reborn/Content/Geometry/Buildings/NeighborHouse/PreAlpha/Textures/fence_rough.ubulk" 177
"C:/Users/User/Documents/Unreal Projects/HN_EarlyDays_Reborn/Content/Geometry/Buildings/NeighborHouse/PreAlpha/Textures/fence_spec.uasset" 178
"C:/Users/User/Documents/Unreal Projects/HN_EarlyDays_Reborn/Content/Geometry/Buildings/NeighborHouse/PreAlpha/Textures/fence_spec.uexp" 179
"C:/Users/User/Documents/Unreal Projects/HN_EarlyDays_Reborn/Content/Geometry/Buildings/NeighborHouse/PreAlpha/Textures/fence_spec.ubulk" 180
"C:/Users/User/Documents/Unreal Projects/HN_EarlyDays_Reborn/Content/Geometry/Buildings/NeighborHouse/PreAlpha/Textures/foundation.uasset" 181
"C:/Users/User/Documents/Unreal Projects/HN_EarlyDays_Reborn/Content/Geometry/Buildings/NeighborHouse/PreAlpha/Textures/foundation.uexp" 182
"C:/Users/User/Documents/Unreal Projects/HN_EarlyDays_Reborn/Content/Geometry/Buildings/NeighborHouse/PreAlpha/Textures/foundation.ubulk" 183
"C:/Users/User/Documents/Unreal Projects/HN_EarlyDays_Reborn/Content/Geometry/Buildings/NeighborHouse/PreAlpha/Textures/house1_dif.uasset" 184
"C:/Users/User/Documents/Unreal Projects/HN_EarlyDays_Reborn/Content/Geometry/Buildings/NeighborHouse/PreAlpha/Textures/house1_dif.uexp" 185
"C:/Users/User/Documents/Unreal Projects/HN_EarlyDays_Reborn/Content/Geometry/Buildings/NeighborHouse/PreAlpha/Textures/house1_dif.ubulk" 186
"C:/Users/User/Documents/Unreal Projects/HN_EarlyDays_Reborn/Content/Geometry/Buildings/NeighborHouse/PreAlpha/Textures/house1_norm.uasset" 187
"C:/Users/User/Documents/Unreal Projects/HN_EarlyDays_Reborn/Content/Geometry/Buildings/NeighborHouse/PreAlpha/Textures/house1_norm.uexp" 188
"C:/Users/User/Documents/Unreal Projects/HN_EarlyDays_Reborn/Content/Geometry/Buildings/NeighborHouse/PreAlpha/Textures/house1_norm.ubulk" 189
"C:/Users/User/Documents/Unreal Projects/HN_EarlyDays_Reborn/Content/Geometry/Buildings/NeighborHouse/PreAlpha/Textures/house1_rough.uasset" 190
"C:/Users/User/Documents/Unreal Projects/HN_EarlyDays_Reborn/Content/Geometry/Buildings/NeighborHouse/PreAlpha/Textures/house1_rough.uexp" 191
"C:/Users/User/Documents/Unreal Projects/HN_EarlyDays_Reborn/Content/Geometry/Buildings/NeighborHouse/PreAlpha/Textures/house1_rough.ubulk" 192
"C:/Users/User/Documents/Unreal Projects/HN_EarlyDays_Reborn/Content/Geometry/Buildings/NeighborHouse/PreAlpha/Textures/house_2_dif.uasset" 193
"C:/Users/User/Documents/Unreal Projects/HN_EarlyDays_Reborn/Content/Geometry/Buildings/NeighborHouse/PreAlpha/Textures/house_2_dif.uexp" 194
"C:/Users/User/Documents/Unreal Projects/HN_EarlyDays_Reborn/Content/Geometry/Buildings/NeighborHouse/PreAlpha/Textures/house_2_dif.ubulk" 195
"C:/Users/User/Documents/Unreal Projects/HN_EarlyDays_Reborn/Content/Geometry/Buildings/NeighborHouse/PreAlpha/Textures/house_2_glos.uasset" 196
"C:/Users/User/Documents/Unreal Projects/HN_EarlyDays_Reborn/Content/Geometry/Buildings/NeighborHouse/PreAlpha/Textures/house_2_glos.uexp" 197
"C:/Users/User/Documents/Unreal Projects/HN_EarlyDays_Reborn/Content/Geometry/Buildings/NeighborHouse/PreAlpha/Textures/house_2_glos.ubulk" 198
"C:/Users/User/Documents/Unreal Projects/HN_EarlyDays_Reborn/Content/Geometry/Buildings/NeighborHouse/PreAlpha/Textures/house_2_norm.uasset" 199
"C:/Users/User/Documents/Unreal Projects/HN_EarlyDays_Reborn/Content/Geometry/Buildings/NeighborHouse/PreAlpha/Textures/house_2_norm.uexp" 200
"C:/Users/User/Documents/Unreal Projects/HN_EarlyDays_Reborn/Content/Geometry/Buildings/NeighborHouse/PreAlpha/Textures/house_2_norm.ubulk" 201
"C:/Users/User/Documents/Unreal Projects/HN_EarlyDays_Reborn/Content/Geometry/Buildings/NeighborHouse/PreAlpha/Textures/house_2_rough.uasset" 202
"C:/Users/User/Documents/Unreal Projects/HN_EarlyDays_Reborn/Content/Geometry/Buildings/NeighborHouse/PreAlpha/Textures/house_2_rough.uexp" 203
"C:/Users/User/Documents/Unreal Projects/HN_EarlyDays_Reborn/Content/Geometry/Buildings/NeighborHouse/PreAlpha/Textures/house_2_rough.ubulk" 204
"C:/Users/User/Documents/Unreal Projects/HN_EarlyDays_Reborn/Content/Geometry/Buildings/NeighborHouse/PreAlpha/Textures/house_3_dif.uasset" 205
"C:/Users/User/Documents/Unreal Projects/HN_EarlyDays_Reborn/Content/Geometry/Buildings/NeighborHouse/PreAlpha/Textures/house_3_dif.uexp" 206
"C:/Users/User/Documents/Unreal Projects/HN_EarlyDays_Reborn/Content/Geometry/Buildings/NeighborHouse/PreAlpha/Textures/house_3_dif.ubulk" 207
"C:/Users/User/Documents/Unreal Projects/HN_EarlyDays_Reborn/Content/Geometry/Buildings/NeighborHouse/PreAlpha/Textures/house_3_norm.uasset" 208
"C:/Users/User/Documents/Unreal Projects/HN_EarlyDays_Reborn/Content/Geometry/Buildings/NeighborHouse/PreAlpha/Textures/house_3_norm.uexp" 209
"C:/Users/User/Documents/Unreal Projects/HN_EarlyDays_Reborn/Content/Geometry/Buildings/NeighborHouse/PreAlpha/Textures/house_3_norm.ubulk" 210
"C:/Users/User/Documents/Unreal Projects/HN_EarlyDays_Reborn/Content/Geometry/Buildings/NeighborHouse/PreAlpha/Textures/house_3_roug.uasset" 211
"C:/Users/User/Documents/Unreal Projects/HN_EarlyDays_Reborn/Content/Geometry/Buildings/NeighborHouse/PreAlpha/Textures/house_3_roug.uexp" 212
"C:/Users/User/Documents/Unreal Projects/HN_EarlyDays_Reborn/Content/Geometry/Buildings/NeighborHouse/PreAlpha/Textures/house_3_roug.ubulk" 213
"C:/Users/User/Documents/Unreal Projects/HN_EarlyDays_Reborn/Content/Geometry/Buildings/NeighborHouse/PreAlpha/Textures/inside.uasset" 214
"C:/Users/User/Documents/Unreal Projects/HN_EarlyDays_Reborn/Content/Geometry/Buildings/NeighborHouse/PreAlpha/Textures/inside.uexp" 215
"C:/Users/User/Documents/Unreal Projects/HN_EarlyDays_Reborn/Content/Geometry/Buildings/NeighborHouse/PreAlpha/Textures/inside.ubulk" 216
"C:/Users/User/Documents/Unreal Projects/HN_EarlyDays_Reborn/Content/Geometry/Buildings/NeighborHouse/PreAlpha/Textures/inside_norm.uasset" 217
"C:/Users/User/Documents/Unreal Projects/HN_EarlyDays_Reborn/Content/Geometry/Buildings/NeighborHouse/PreAlpha/Textures/inside_norm.uexp" 218
"C:/Users/User/Documents/Unreal Projects/HN_EarlyDays_Reborn/Content/Geometry/Buildings/NeighborHouse/PreAlpha/Textures/inside_norm.ubulk" 219
"C:/Users/User/Documents/Unreal Projects/HN_EarlyDays_Reborn/Content/Geometry/Buildings/NeighborHouse/PreAlpha/Textures/outside_foundation_dif.uasset" 220
"C:/Users/User/Documents/Unreal Projects/HN_EarlyDays_Reborn/Content/Geometry/Buildings/NeighborHouse/PreAlpha/Textures/outside_foundation_dif.uexp" 221
"C:/Users/User/Documents/Unreal Projects/HN_EarlyDays_Reborn/Content/Geometry/Buildings/NeighborHouse/PreAlpha/Textures/outside_foundation_dif.ubulk" 222
"C:/Users/User/Documents/Unreal Projects/HN_EarlyDays_Reborn/Content/Geometry/Buildings/NeighborHouse/PreAlpha/Textures/outside_foundation_norm.uasset" 223
"C:/Users/User/Documents/Unreal Projects/HN_EarlyDays_Reborn/Content/Geometry/Buildings/NeighborHouse/PreAlpha/Textures/outside_foundation_norm.uexp" 224
"C:/Users/User/Documents/Unreal Projects/HN_EarlyDays_Reborn/Content/Geometry/Buildings/NeighborHouse/PreAlpha/Textures/outside_foundation_norm.ubulk" 225
"C:/Users/User/Documents/Unreal Projects/HN_EarlyDays_Reborn/Content/Geometry/Buildings/NeighborHouse/PreAlpha/Textures/pipe_1.uasset" 226
"C:/Users/User/Documents/Unreal Projects/HN_EarlyDays_Reborn/Content/Geometry/Buildings/NeighborHouse/PreAlpha/Textures/pipe_1.uexp" 227
"C:/Users/User/Documents/Unreal Projects/HN_EarlyDays_Reborn/Content/Geometry/Buildings/NeighborHouse/PreAlpha/Textures/pipe_1.ubulk" 228
"C:/Users/User/Documents/Unreal Projects/HN_EarlyDays_Reborn/Content/Geometry/Buildings/NeighborHouse/PreAlpha/Textures/pole_dif.uasset" 229
"C:/Users/User/Documents/Unreal Projects/HN_EarlyDays_Reborn/Content/Geometry/Buildings/NeighborHouse/PreAlpha/Textures/pole_dif.uexp" 230
"C:/Users/User/Documents/Unreal Projects/HN_EarlyDays_Reborn/Content/Geometry/Buildings/NeighborHouse/PreAlpha/Textures/pole_dif.ubulk" 231
"C:/Users/User/Documents/Unreal Projects/HN_EarlyDays_Reborn/Content/Geometry/Buildings/NeighborHouse/PreAlpha/Textures/pole_norm.uasset" 232
"C:/Users/User/Documents/Unreal Projects/HN_EarlyDays_Reborn/Content/Geometry/Buildings/NeighborHouse/PreAlpha/Textures/pole_norm.uexp" 233
"C:/Users/User/Documents/Unreal Projects/HN_EarlyDays_Reborn/Content/Geometry/Buildings/NeighborHouse/PreAlpha/Textures/pole_norm.ubulk" 234
"C:/Users/User/Documents/Unreal Projects/HN_EarlyDays_Reborn/Content/Geometry/Buildings/NeighborHouse/PreAlpha/Textures/pole_roug.uasset" 235
"C:/Users/User/Documents/Unreal Projects/HN_EarlyDays_Reborn/Content/Geometry/Buildings/NeighborHouse/PreAlpha/Textures/pole_roug.uexp" 236
"C:/Users/User/Documents/Unreal Projects/HN_EarlyDays_Reborn/Content/Geometry/Buildings/NeighborHouse/PreAlpha/Textures/pole_roug.ubulk" 237
"C:/Users/User/Documents/Unreal Projects/HN_EarlyDays_Reborn/Content/Geometry/Buildings/NeighborHouse/PreAlpha/Textures/pole_spec.uasset" 238
"C:/Users/User/Documents/Unreal Projects/HN_EarlyDays_Reborn/Content/Geometry/Buildings/NeighborHouse/PreAlpha/Textures/pole_spec.uexp" 239
"C:/Users/User/Documents/Unreal Projects/HN_EarlyDays_Reborn/Content/Geometry/Buildings/NeighborHouse/PreAlpha/Textures/pole_spec.ubulk" 240
"C:/Users/User/Documents/Unreal Projects/HN_EarlyDays_Reborn/Content/Geometry/Buildings/NeighborHouse/PreAlpha/Textures/railing.uasset" 241
"C:/Users/User/Documents/Unreal Projects/HN_EarlyDays_Reborn/Content/Geometry/Buildings/NeighborHouse/PreAlpha/Textures/railing.uexp" 242
"C:/Users/User/Documents/Unreal Projects/HN_EarlyDays_Reborn/Content/Geometry/Buildings/NeighborHouse/PreAlpha/Textures/railing.ubulk" 243
"C:/Users/User/Documents/Unreal Projects/HN_EarlyDays_Reborn/Content/Geometry/Buildings/NeighborHouse/PreAlpha/Textures/railing_norm.uasset" 244
"C:/Users/User/Documents/Unreal Projects/HN_EarlyDays_Reborn/Content/Geometry/Buildings/NeighborHouse/PreAlpha/Textures/railing_norm.uexp" 245
"C:/Users/User/Documents/Unreal Projects/HN_EarlyDays_Reborn/Content/Geometry/Buildings/NeighborHouse/PreAlpha/Textures/railing_norm.ubulk" 246
"C:/Users/User/Documents/Unreal Projects/HN_EarlyDays_Reborn/Content/Geometry/Buildings/NeighborHouse/PreAlpha/Textures/stairs.uasset" 247
"C:/Users/User/Documents/Unreal Projects/HN_EarlyDays_Reborn/Content/Geometry/Buildings/NeighborHouse/PreAlpha/Textures/stairs.uexp" 248
"C:/Users/User/Documents/Unreal Projects/HN_EarlyDays_Reborn/Content/Geometry/Buildings/NeighborHouse/PreAlpha/Textures/stairs.ubulk" 249
"C:/Users/User/Documents/Unreal Projects/HN_EarlyDays_Reborn/Content/Geometry/Buildings/NeighborHouse/PreAlpha/Textures/stone_dif.uasset" 250
"C:/Users/User/Documents/Unreal Projects/HN_EarlyDays_Reborn/Content/Geometry/Buildings/NeighborHouse/PreAlpha/Textures/stone_dif.uexp" 251
"C:/Users/User/Documents/Unreal Projects/HN_EarlyDays_Reborn/Content/Geometry/Buildings/NeighborHouse/PreAlpha/Textures/stone_dif.ubulk" 252
"C:/Users/User/Documents/Unreal Projects/HN_EarlyDays_Reborn/Content/Geometry/Buildings/NeighborHouse/PreAlpha/Textures/stone_norm.uasset" 253
"C:/Users/User/Documents/Unreal Projects/HN_EarlyDays_Reborn/Content/Geometry/Buildings/NeighborHouse/PreAlpha/Textures/stone_norm.uexp" 254
"C:/Users/User/Documents/Unreal Projects/HN_EarlyDays_Reborn/Content/Geometry/Buildings/NeighborHouse/PreAlpha/Textures/stone_norm.ubulk" 255
"C:/Users/User/Documents/Unreal Projects/HN_EarlyDays_Reborn/Content/Geometry/Buildings/NeighborHouse/PreAlpha/Textures/wallpaper_new_norm.uasset" 256
"C:/Users/User/Documents/Unreal Projects/HN_EarlyDays_Reborn/Content/Geometry/Buildings/NeighborHouse/PreAlpha/Textures/wallpaper_new_norm.uexp" 257
"C:/Users/User/Documents/Unreal Projects/HN_EarlyDays_Reborn/Content/Geometry/Buildings/NeighborHouse/PreAlpha/Textures/wallpaper_new_norm.ubulk" 258
"C:/Users/User/Documents/Unreal Projects/HN_EarlyDays_Reborn/Content/Geometry/Buildings/PlayerHouse/PreAlpha/Textures/pipe.uasset" 259
"C:/Users/User/Documents/Unreal Projects/HN_EarlyDays_Reborn/Content/Geometry/Buildings/PlayerHouse/PreAlpha/Textures/pipe.uexp" 260
"C:/Users/User/Documents/Unreal Projects/HN_EarlyDays_Reborn/Content/Geometry/Buildings/PlayerHouse/PreAlpha/Textures/pipe.ubulk" 261
"C:/Users/User/Documents/Unreal Projects/HN_EarlyDays_Reborn/Content/Geometry/Buildings/PlayerHouse/PreAlpha/Textures/porch.uasset" 262
"C:/Users/User/Documents/Unreal Projects/HN_EarlyDays_Reborn/Content/Geometry/Buildings/PlayerHouse/PreAlpha/Textures/porch.uexp" 263
"C:/Users/User/Documents/Unreal Projects/HN_EarlyDays_Reborn/Content/Geometry/Buildings/PlayerHouse/PreAlpha/Textures/porch.ubulk" 264
"C:/Users/User/Documents/Unreal Projects/HN_EarlyDays_Reborn/Content/Geometry/Buildings/PlayerHouse/PreAlpha/Textures/walls.uasset" 265
"C:/Users/User/Documents/Unreal Projects/HN_EarlyDays_Reborn/Content/Geometry/Buildings/PlayerHouse/PreAlpha/Textures/walls.uexp" 266
"C:/Users/User/Documents/Unreal Projects/HN_EarlyDays_Reborn/Content/Geometry/Buildings/PlayerHouse/PreAlpha/Textures/walls.ubulk" 267
"C:/Users/User/Documents/Unreal Projects/HN_EarlyDays_Reborn/Content/Music/StayinNeighbor_Class.uasset" 268
"C:/Users/User/Documents/Unreal Projects/HN_EarlyDays_Reborn/Content/Music/StayinNeighbor_Class.uexp" 269
"C:/Users/User/Documents/Unreal Projects/HN_EarlyDays_Reborn/Content/Music/StayinNeighbor_Cue.uasset" 270
"C:/Users/User/Documents/Unreal Projects/HN_EarlyDays_Reborn/Content/Music/StayinNeighbor_Cue.uexp" 271
"C:/Users/User/Documents/Unreal Projects/HN_EarlyDays_Reborn/Content/Music/StayinNeighbor.uasset" 272
"C:/Users/User/Documents/Unreal Projects/HN_EarlyDays_Reborn/Content/Music/StayinNeighbor.uexp" 273
"C:/Users/User/Documents/Unreal Projects/HN_EarlyDays_Reborn/Content/Characters/Neighbor/Animations/Walk.uasset" 274
"C:/Users/User/Documents/Unreal Projects/HN_EarlyDays_Reborn/Content/Characters/Neighbor/Animations/Walk.uexp" 275
"C:/Users/User/Documents/Unreal Projects/HN_EarlyDays_Reborn/Content/Cinematics/StayinNeighbor.uasset" 276
"C:/Users/User/Documents/Unreal Projects/HN_EarlyDays_Reborn/Content/Cinematics/StayinNeighbor.uexp" 277
"../../../Engine/Content/EngineMaterials/T_Default_Material_Grid_N.uasset" 278
"../../../Engine/Content/EngineMaterials/T_Default_Material_Grid_N.uexp" 279
"../../../Engine/Content/EngineMaterials/T_Default_Material_Grid_N.ubulk" 280
"../../../Engine/Content/EngineMaterials/T_Default_Material_Grid_M.uasset" 281
"../../../Engine/Content/EngineMaterials/T_Default_Material_Grid_M.uexp" 282
"../../../Engine/Content/EngineMaterials/T_Default_Material_Grid_M.ubulk" 283
"../../../Engine/Content/Functions/Engine_MaterialFunctions01/Opacity/CameraDepthFade.uasset" 284
"../../../Engine/Content/Functions/Engine_MaterialFunctions01/Opacity/CameraDepthFade.uexp" 285
"../../../Engine/Content/EngineMaterials/WorldGridMaterial.uasset" 286
"../../../Engine/Content/EngineMaterials/WorldGridMaterial.uexp" 287
"../../../Engine/Content/ArtTools/RenderToTexture/Meshes/S_1_Unit_Plane.uasset" 288
"../../../Engine/Content/ArtTools/RenderToTexture/Meshes/S_1_Unit_Plane.uexp" 289
"../../../Engine/Content/EngineMaterials/DefaultMaterial.uasset" 290
"../../../Engine/Content/EngineMaterials/DefaultMaterial.uexp" 291
"../../../Engine/Content/BasicShapes/Cone.uasset" 292
"../../../Engine/Content/BasicShapes/Cone.uexp" 293
"../../../Engine/Content/BasicShapes/Plane.uasset" 294
"../../../Engine/Content/BasicShapes/Plane.uexp" 295
"../../../Engine/Content/EditorLandscapeResources/DataLayer.uasset" 296
"../../../Engine/Content/EditorLandscapeResources/DataLayer.uexp" 297
"../../../Engine/Content/EditorLandscapeResources/DefaultAlphaTexture.uasset" 298
"../../../Engine/Content/EditorLandscapeResources/DefaultAlphaTexture.uexp" 299
"../../../Engine/Content/EditorMaterials/MAT_Groups_Toggle.uasset" 300
"../../../Engine/Content/EditorMaterials/MAT_Groups_Toggle.uexp" 301
"../../../Engine/Content/EditorMaterials/MAT_Groups_Visibility.uasset" 302
"../../../Engine/Content/EditorMaterials/MAT_Groups_Visibility.uexp" 303
"../../../Engine/Content/EditorMaterials/PreviewShadowIndicator.uasset" 304
"../../../Engine/Content/EditorMaterials/PreviewShadowIndicator.uexp" 305
"../../../Engine/Content/EditorMaterials/PreviewShadowIndicator.ubulk" 306
"../../../Engine/Content/EditorMaterials/PreviewShadowIndicatorMaterial.uasset" 307
"../../../Engine/Content/EditorMaterials/PreviewShadowIndicatorMaterial.uexp" 308
"../../../Engine/Content/EditorMaterials/MatineeGroups/MAT_ColorTrack.uasset" 309
"../../../Engine/Content/EditorMaterials/MatineeGroups/MAT_ColorTrack.uexp" 310
"../../../Engine/Content/EditorMaterials/MatineeGroups/MAT_Groups_Anim.uasset" 311
"../../../Engine/Content/EditorMaterials/MatineeGroups/MAT_Groups_Anim.uexp" 312
"../../../Engine/Content/EditorMaterials/MatineeGroups/MAT_Groups_AudioMaster.uasset" 313
"../../../Engine/Content/EditorMaterials/MatineeGroups/MAT_Groups_AudioMaster.uexp" 314
"../../../Engine/Content/EditorMaterials/MatineeGroups/MAT_Groups_Director.uasset" 315
"../../../Engine/Content/EditorMaterials/MatineeGroups/MAT_Groups_Director.uexp" 316
"../../../Engine/Content/EditorMaterials/MatineeGroups/MAT_Groups_Event.uasset" 317
"../../../Engine/Content/EditorMaterials/MatineeGroups/MAT_Groups_Event.uexp" 318
"../../../Engine/Content/EditorMaterials/MatineeGroups/MAT_Groups_Fade.uasset" 319
"../../../Engine/Content/EditorMaterials/MatineeGroups/MAT_Groups_Fade.uexp" 320
"../../../Engine/Content/EditorMaterials/MatineeGroups/MAT_Groups_Float.uasset" 321
"../../../Engine/Content/EditorMaterials/MatineeGroups/MAT_Groups_Float.uexp" 322
"../../../Engine/Content/EditorMaterials/MatineeGroups/MAT_Groups_Move.uasset" 323
"../../../Engine/Content/EditorMaterials/MatineeGroups/MAT_Groups_Move.uexp" 324
"../../../Engine/Content/EditorMaterials/MatineeGroups/MAT_Groups_Slomo.uasset" 325
"../../../Engine/Content/EditorMaterials/MatineeGroups/MAT_Groups_Slomo.uexp" 326
"../../../Engine/Content/EditorMaterials/MatineeGroups/MAT_Groups_Sound.uasset" 327
"../../../Engine/Content/EditorMaterials/MatineeGroups/MAT_Groups_Sound.uexp" 328
"../../../Engine/Content/EditorMaterials/MatineeGroups/MAT_Groups_Vector.uasset" 329
"../../../Engine/Content/EditorMaterials/MatineeGroups/MAT_Groups_Vector.uexp" 330
"../../../Engine/Content/EditorMaterials/ParticleSystems/PSysThumbnail_NoImage.uasset" 331
"../../../Engine/Content/EditorMaterials/ParticleSystems/PSysThumbnail_NoImage.uexp" 332
"../../../Engine/Content/EditorMaterials/ParticleSystems/PSysThumbnail_NoImage.ubulk" 333
"../../../Engine/Content/EditorMaterials/ParticleSystems/PSysThumbnail_OOD.uasset" 334
"../../../Engine/Content/EditorMaterials/ParticleSystems/PSysThumbnail_OOD.uexp" 335
"../../../Engine/Content/EditorMaterials/ParticleSystems/PSysThumbnail_OOD.ubulk" 336
"../../../Engine/Content/EditorMaterials/Camera/CineMat.uasset" 337
"../../../Engine/Content/EditorMaterials/Camera/CineMat.uexp" 338
"../../../Engine/Content/EditorMaterials/Camera/MI_CineMat_Rig.uasset" 339
"../../../Engine/Content/EditorMaterials/Camera/MI_CineMat_Rig.uexp" 340
"../../../Engine/Content/EditorMeshes/Camera/SM_CraneRig_Arm.uasset" 341
"../../../Engine/Content/EditorMeshes/Camera/SM_CraneRig_Arm.uexp" 342
"../../../Engine/Content/EditorMeshes/Camera/SM_CraneRig_Base.uasset" 343
"../../../Engine/Content/EditorMeshes/Camera/SM_CraneRig_Base.uexp" 344
"../../../Engine/Content/EditorMeshes/Camera/SM_CraneRig_Body.uasset" 345
"../../../Engine/Content/EditorMeshes/Camera/SM_CraneRig_Body.uexp" 346
"../../../Engine/Content/EditorMeshes/Camera/SM_CraneRig_Mount.uasset" 347
"../../../Engine/Content/EditorMeshes/Camera/SM_CraneRig_Mount.uexp" 348
"../../../Engine/Content/EditorMeshes/Camera/SM_RailRig_Mount.uasset" 349
"../../../Engine/Content/EditorMeshes/Camera/SM_RailRig_Mount.uexp" 350
"../../../Engine/Content/EditorMeshes/Camera/SM_RailRig_Track.uasset" 351
"../../../Engine/Content/EditorMeshes/Camera/SM_RailRig_Track.uexp" 352
"../../../Engine/Content/EditorResources/BSPVertex.uasset" 353
"../../../Engine/Content/EditorResources/BSPVertex.uexp" 354
"../../../Engine/Content/EditorResources/EmptyActor.uasset" 355
"../../../Engine/Content/EditorResources/EmptyActor.uexp" 356
"../../../Engine/Content/EditorResources/S_Actor.uasset" 357
"../../../Engine/Content/EditorResources/S_Actor.uexp" 358
"../../../Engine/Content/EditorResources/S_Actor.ubulk" 359
"../../../Engine/Content/EditorResources/S_Note.uasset" 360
"../../../Engine/Content/EditorResources/S_Note.uexp" 361
"../../../Engine/Content/EditorResources/S_Note.ubulk" 362
"../../../Engine/Content/EditorResources/S_Solver.uasset" 363
"../../../Engine/Content/EditorResources/S_Solver.uexp" 364
"../../../Engine/Content/EditorResources/S_Solver.ubulk" 365
"../../../Engine/Content/EditorResources/S_Terrain.uasset" 366
"../../../Engine/Content/EditorResources/S_Terrain.uexp" 367
"../../../Engine/Content/EditorResources/S_Terrain.ubulk" 368
"../../../Engine/Content/EditorResources/S_Trigger.uasset" 369
"../../../Engine/Content/EditorResources/S_Trigger.uexp" 370
"../../../Engine/Content/EditorResources/S_Trigger.ubulk" 371
"../../../Engine/Content/EditorResources/LightIcons/S_LightError.uasset" 372
"../../../Engine/Content/EditorResources/LightIcons/S_LightError.uexp" 373
"../../../Engine/Content/EditorResources/SequenceRecorder/Countdown.uasset" 374
"../../../Engine/Content/EditorResources/SequenceRecorder/Countdown.uexp" 375
"../../../Engine/Content/EditorResources/SequenceRecorder/RecordingIndicator.uasset" 376
"../../../Engine/Content/EditorResources/SequenceRecorder/RecordingIndicator.uexp" 377
"../../../Engine/Content/EngineDamageTypes/DmgTypeBP_Environmental.uasset" 378
"../../../Engine/Content/EngineDamageTypes/DmgTypeBP_Environmental.uexp" 379
"../../../Engine/Content/EngineDebugMaterials/DebugEditorMaterial.uasset" 380
"../../../Engine/Content/EngineDebugMaterials/DebugEditorMaterial.uexp" 381
"../../../Engine/Content/EngineDebugMaterials/DebugMeshMaterial.uasset" 382
"../../../Engine/Content/EngineDebugMaterials/DebugMeshMaterial.uexp" 383
"../../../Engine/Content/EngineDebugMaterials/M_SimpleUnlitTranslucent.uasset" 384
"../../../Engine/Content/EngineDebugMaterials/M_SimpleUnlitTranslucent.uexp" 385
"../../../Engine/Content/EngineDebugMaterials/VolumeToRender.uasset" 386
"../../../Engine/Content/EngineDebugMaterials/VolumeToRender.uexp" 387
"../../../Engine/Content/Functions/Engine_MaterialFunctions02/Utility/CameraDirectionVector.uasset" 388
"../../../Engine/Content/Functions/Engine_MaterialFunctions02/Utility/CameraDirectionVector.uexp" 389
"../../../Engine/Content/EngineDebugMaterials/M_VolumeRenderSphereTracePP.uasset" 390
"../../../Engine/Content/EngineDebugMaterials/M_VolumeRenderSphereTracePP.uexp" 391
"../../../Engine/Content/Functions/Engine_MaterialFunctions01/Shading/ConvertFromDiffSpec.uasset" 392
"../../../Engine/Content/Functions/Engine_MaterialFunctions01/Shading/ConvertFromDiffSpec.uexp" 393
"../../../Engine/Content/EngineDebugMaterials/VertexColorMaterial.uasset" 394
"../../../Engine/Content/EngineDebugMaterials/VertexColorMaterial.uexp" 395
"../../../Engine/Content/EngineDebugMaterials/WireframeMaterial.uasset" 396
"../../../Engine/Content/EngineDebugMaterials/WireframeMaterial.uexp" 397
"../../../Engine/Content/EngineFonts/Faces/RobotoRegular.uasset" 398
"../../../Engine/Content/EngineFonts/Faces/RobotoRegular.uexp" 399
"../../../Engine/Content/EngineFonts/Faces/RobotoRegular.ufont" 400
"../../../Engine/Content/EngineFonts/Faces/RobotoLight.uasset" 401
"../../../Engine/Content/EngineFonts/Faces/RobotoLight.uexp" 402
"../../../Engine/Content/EngineFonts/Faces/RobotoLight.ufont" 403
"../../../Engine/Content/EngineFonts/Faces/RobotoItalic.uasset" 404
"../../../Engine/Content/EngineFonts/Faces/RobotoItalic.uexp" 405
"../../../Engine/Content/EngineFonts/Faces/RobotoItalic.ufont" 406
"../../../Engine/Content/EngineFonts/Faces/RobotoBoldItalic.uasset" 407
"../../../Engine/Content/EngineFonts/Faces/RobotoBoldItalic.uexp" 408
"../../../Engine/Content/EngineFonts/Faces/RobotoBoldItalic.ufont" 409
"../../../Engine/Content/EngineFonts/Faces/RobotoBold.uasset" 410
"../../../Engine/Content/EngineFonts/Faces/RobotoBold.uexp" 411
"../../../Engine/Content/EngineFonts/Faces/RobotoBold.ufont" 412
"../../../Engine/Content/EngineFonts/Faces/DroidSansFallback.uasset" 413
"../../../Engine/Content/EngineFonts/Faces/DroidSansFallback.uexp" 414
"../../../Engine/Content/EngineFonts/Faces/DroidSansFallback.ufont" 415
"../../../Engine/Content/EngineFonts/Roboto.uasset" 416
"../../../Engine/Content/EngineFonts/Roboto.uexp" 417
"../../../Engine/Content/EngineMaterials/BaseFlattenNormalMap.uasset" 418
"../../../Engine/Content/EngineMaterials/BaseFlattenNormalMap.uexp" 419
"../../../Engine/Content/EngineMaterials/BaseFlattenGrayscaleMap.uasset" 420
"../../../Engine/Content/EngineMaterials/BaseFlattenGrayscaleMap.uexp" 421
"../../../Engine/Content/EngineMaterials/BaseFlattenEmissiveMap.uasset" 422
"../../../Engine/Content/EngineMaterials/BaseFlattenEmissiveMap.uexp" 423
"../../../Engine/Content/EngineMaterials/BaseFlattenDiffuseMap.uasset" 424
"../../../Engine/Content/EngineMaterials/BaseFlattenDiffuseMap.uexp" 425
"../../../Engine/Content/EngineMaterials/BaseFlattenMaterial.uasset" 426
"../../../Engine/Content/EngineMaterials/BaseFlattenMaterial.uexp" 427
"../../../Engine/Content/EngineMaterials/BlueNoise.uasset" 428
"../../../Engine/Content/EngineMaterials/BlueNoise.uexp" 429
"../../../Engine/Content/EngineMaterials/DefaultBloomKernel.uasset" 430
"../../../Engine/Content/EngineMaterials/DefaultBloomKernel.uexp" 431
"../../../Engine/Content/EngineMaterials/DefaultBokeh.uasset" 432
"../../../Engine/Content/EngineMaterials/DefaultBokeh.uexp" 433
"../../../Engine/Content/EngineMaterials/DefaultDiffuse.uasset" 434
"../../../Engine/Content/EngineMaterials/DefaultDiffuse.uexp" 435
"../../../Engine/Content/EngineMaterials/DefaultDiffuse.ubulk" 436
"../../../Engine/Content/EngineMaterials/DefaultDeferredDecalMaterial.uasset" 437
"../../../Engine/Content/EngineMaterials/DefaultDeferredDecalMaterial.uexp" 438
"../../../Engine/Content/EngineMaterials/DefaultLightFunctionMaterial.uasset" 439
"../../../Engine/Content/EngineMaterials/DefaultLightFunctionMaterial.uexp" 440
"../../../Engine/Content/EngineMaterials/DefaultPhysicalMaterial.uasset" 441
"../../../Engine/Content/EngineMaterials/DefaultPhysicalMaterial.uexp" 442
"../../../Engine/Content/Functions/Engine_MaterialFunctions02/Utility/BreakOutFloat2Components.uasset" 443
"../../../Engine/Content/Functions/Engine_MaterialFunctions02/Utility/BreakOutFloat2Components.uexp" 444
"../../../Engine/Content/EngineMaterials/DefaultPostProcessMaterial.uasset" 445
"../../../Engine/Content/EngineMaterials/DefaultPostProcessMaterial.uexp" 446
"../../../Engine/Content/EngineFonts/RobotoDistanceField.uasset" 447
"../../../Engine/Content/EngineFonts/RobotoDistanceField.uexp" 448
"../../../Engine/Content/EngineMaterials/DefaultTextMaterialOpaque.uasset" 449
"../../../Engine/Content/EngineMaterials/DefaultTextMaterialOpaque.uexp" 450
"../../../Engine/Content/EngineMaterials/DefaultWhiteGrid.uasset" 451
"../../../Engine/Content/EngineMaterials/DefaultWhiteGrid.uexp" 452
"../../../Engine/Content/EngineMaterials/DefaultWhiteGrid.ubulk" 453
"../../../Engine/Content/EngineMaterials/DefaultWhiteGrid_Low.uasset" 454
"../../../Engine/Content/EngineMaterials/DefaultWhiteGrid_Low.uexp" 455
"../../../Engine/Content/EngineMaterials/EmissiveMeshMaterial.uasset" 456
"../../../Engine/Content/EngineMaterials/EmissiveMeshMaterial.uexp" 457
"../../../Engine/Content/EngineMaterials/GizmoMaterial.uasset" 458
"../../../Engine/Content/EngineMaterials/GizmoMaterial.uexp" 459
"../../../Engine/Content/EngineMaterials/Good64x64TilingNoiseHighFreq.uasset" 460
"../../../Engine/Content/EngineMaterials/Good64x64TilingNoiseHighFreq.uexp" 461
"../../../Engine/Content/EngineMaterials/MiniFont.uasset" 462
"../../../Engine/Content/EngineMaterials/MiniFont.uexp" 463
"../../../Engine/Content/EngineMaterials/InvalidLightmapSettings.uasset" 464
"../../../Engine/Content/EngineMaterials/InvalidLightmapSettings.uexp" 465
"../../../Engine/Content/EngineMaterials/InvalidLightmapSettings.ubulk" 466
"../../../Engine/Content/EngineMaterials/M_InvalidLightmapSettings.uasset" 467
"../../../Engine/Content/EngineMaterials/M_InvalidLightmapSettings.uexp" 468
"../../../Engine/Content/Functions/Engine_MaterialFunctions02/WorldPositionOffset/CameraOffset.uasset" 469
"../../../Engine/Content/Functions/Engine_MaterialFunctions02/WorldPositionOffset/CameraOffset.uexp" 470
"../../../Engine/Content/EngineMaterials/PhAT_JointLimitMaterial.uasset" 471
"../../../Engine/Content/EngineMaterials/PhAT_JointLimitMaterial.uexp" 472
"../../../Engine/Content/EngineMaterials/DefaultCalibrationColor.uasset" 473
"../../../Engine/Content/EngineMaterials/DefaultCalibrationColor.uexp" 474
"../../../Engine/Content/EngineMaterials/PPM_DefaultCalibrationColor.uasset" 475
"../../../Engine/Content/EngineMaterials/PPM_DefaultCalibrationColor.uexp" 476
"../../../Engine/Content/EngineMaterials/DefaultCalibrationGrayscale.uasset" 477
"../../../Engine/Content/EngineMaterials/DefaultCalibrationGrayscale.uexp" 478
"../../../Engine/Content/EngineMaterials/PPM_DefaultCalibrationGrayscale.uasset" 479
"../../../Engine/Content/EngineMaterials/PPM_DefaultCalibrationGrayscale.uexp" 480
"../../../Engine/Content/EngineMaterials/PreintegratedSkinBRDF.uasset" 481
"../../../Engine/Content/EngineMaterials/PreintegratedSkinBRDF.uexp" 482
"../../../Engine/Content/EngineMaterials/RemoveSurfaceMaterial.uasset" 483
"../../../Engine/Content/EngineMaterials/RemoveSurfaceMaterial.uexp" 484
"../../../Engine/Content/EngineMaterials/WeightMapPlaceholderTexture.uasset" 485
"../../../Engine/Content/EngineMaterials/WeightMapPlaceholderTexture.uexp" 486
"../../../Engine/Content/EngineResources/WhiteSquareTexture.uasset" 487
"../../../Engine/Content/EngineResources/WhiteSquareTexture.uexp" 488
"../../../Engine/Content/EngineMaterials/Widget3DPassThrough.uasset" 489
"../../../Engine/Content/EngineMaterials/Widget3DPassThrough.uexp" 490
"../../../Engine/Content/EngineMaterials/Widget3DPassThrough_Masked.uasset" 491
"../../../Engine/Content/EngineMaterials/Widget3DPassThrough_Masked.uexp" 492
"../../../Engine/Content/EngineMaterials/Widget3DPassThrough_Opaque.uasset" 493
"../../../Engine/Content/EngineMaterials/Widget3DPassThrough_Opaque.uexp" 494
"../../../Engine/Content/EngineMaterials/Widget3DPassThrough_Masked_OneSided.uasset" 495
"../../../Engine/Content/EngineMaterials/Widget3DPassThrough_Masked_OneSided.uexp" 496
"../../../Engine/Content/EngineMaterials/Widget3DPassThrough_Opaque_OneSided.uasset" 497
"../../../Engine/Content/EngineMaterials/Widget3DPassThrough_Opaque_OneSided.uexp" 498
"../../../Engine/Content/EngineMaterials/Widget3DPassThrough_Translucent.uasset" 499
"../../../Engine/Content/EngineMaterials/Widget3DPassThrough_Translucent.uexp" 500
"../../../Engine/Content/EngineMaterials/Widget3DPassThrough_Translucent_OneSided.uasset" 501
"../../../Engine/Content/EngineMaterials/Widget3DPassThrough_Translucent_OneSided.uexp" 502
"../../../Engine/Content/EngineMeshes/Cylinder.uasset" 503
"../../../Engine/Content/EngineMeshes/Cylinder.uexp" 504
"../../../Engine/Content/EngineMeshes/Sphere.uasset" 505
"../../../Engine/Content/EngineMeshes/Sphere.uexp" 506
"../../../Engine/Content/EngineResources/Black.uasset" 507
"../../../Engine/Content/EngineResources/Black.uexp" 508
"../../../Engine/Content/EngineResources/DefaultTexture.uasset" 509
"../../../Engine/Content/EngineResources/DefaultTexture.uexp" 510
"../../../Engine/Content/EngineResources/DefaultTexture.ubulk" 511
"../../../Engine/Content/EngineResources/DefaultTextureCube.uasset" 512
"../../../Engine/Content/EngineResources/DefaultTextureCube.uexp" 513
"../../../Engine/Content/EngineResources/DefaultVolumeTexture2D.uasset" 514
"../../../Engine/Content/EngineResources/DefaultVolumeTexture2D.uexp" 515
"../../../Engine/Content/EngineResources/DefaultVolumeTexture.uasset" 516
"../../../Engine/Content/EngineResources/DefaultVolumeTexture.uexp" 517
"../../../Engine/Content/EngineResources/GradientTexture0.uasset" 518
"../../../Engine/Content/EngineResources/GradientTexture0.uexp" 519
"../../../Engine/Content/EngineSky/VolumetricClouds/T_NoiseShape64.uasset" 520
"../../../Engine/Content/EngineSky/VolumetricClouds/T_NoiseShape64.uexp" 521
"../../../Engine/Content/EngineSky/VolumetricClouds/T_NoiseShape64.ubulk" 522
"../../../Engine/Content/EngineSky/VolumetricClouds/T_VolumeNoiseShape64.uasset" 523
"../../../Engine/Content/EngineSky/VolumetricClouds/T_VolumeNoiseShape64.uexp" 524
"../../../Engine/Content/EngineSky/VolumetricClouds/T_NoiseErosion.uasset" 525
"../../../Engine/Content/EngineSky/VolumetricClouds/T_NoiseErosion.uexp" 526
"../../../Engine/Content/EngineSky/VolumetricClouds/T_NoiseErosion.ubulk" 527
"../../../Engine/Content/EngineSky/VolumetricClouds/T_VolumeNoiseErosion32.uasset" 528
"../../../Engine/Content/EngineSky/VolumetricClouds/T_VolumeNoiseErosion32.uexp" 529
"../../../Engine/Content/EngineSky/VolumetricClouds/CloudWeatherTexture.uasset" 530
"../../../Engine/Content/EngineSky/VolumetricClouds/CloudWeatherTexture.uexp" 531
"../../../Engine/Content/EngineSky/VolumetricClouds/CloudGradientTexture.uasset" 532
"../../../Engine/Content/EngineSky/VolumetricClouds/CloudGradientTexture.uexp" 533
"../../../Engine/Content/Functions/Engine_MaterialFunctions02/Utility/MakeFloat2.uasset" 534
"../../../Engine/Content/Functions/Engine_MaterialFunctions02/Utility/MakeFloat2.uexp" 535
"../../../Engine/Content/EngineSky/VolumetricClouds/m_SimpleVolumetricCloud.uasset" 536
"../../../Engine/Content/EngineSky/VolumetricClouds/m_SimpleVolumetricCloud.uexp" 537
"../../../Engine/Content/EngineSky/VolumetricClouds/m_SimpleVolumetricCloud_Inst.uasset" 538
"../../../Engine/Content/EngineSky/VolumetricClouds/m_SimpleVolumetricCloud_Inst.uexp" 539
"../../../Engine/Content/EngineSounds/Master.uasset" 540
"../../../Engine/Content/EngineSounds/Master.uexp" 541
"../../../Engine/Content/Functions/Engine_MaterialFunctions01/Shading/PowerToRoughness.uasset" 542
"../../../Engine/Content/Functions/Engine_MaterialFunctions01/Shading/PowerToRoughness.uexp" 543
"../../../Engine/Content/Maps/Templates/Thumbnails/Default.uasset" 544
"../../../Engine/Content/Maps/Templates/Thumbnails/Default.uexp" 545
"../../../Engine/Content/Maps/Templates/Thumbnails/TimeOfDay.uasset" 546
"../../../Engine/Content/Maps/Templates/Thumbnails/TimeOfDay.uexp" 547
"../../../Engine/Content/Maps/Templates/Thumbnails/VR-Basic.uasset" 548
"../../../Engine/Content/Maps/Templates/Thumbnails/VR-Basic.uexp" 549
"../../../Engine/Content/MobileResources/T_MobileControls_texture.uasset" 550
"../../../Engine/Content/MobileResources/T_MobileControls_texture.uexp" 551
"../../../Engine/Content/MobileResources/T_MobileMenu2.uasset" 552
"../../../Engine/Content/MobileResources/T_MobileMenu2.uexp" 553
"../../../Engine/Content/MobileResources/HUD/AnalogHat.uasset" 554
"../../../Engine/Content/MobileResources/HUD/AnalogHat.uexp" 555
"../../../Engine/Content/MobileResources/HUD/VirtualJoystick_Thumb.uasset" 556
"../../../Engine/Content/MobileResources/HUD/VirtualJoystick_Thumb.uexp" 557
"../../../Engine/Content/MobileResources/HUD/VirtualJoystick_Background.uasset" 558
"../../../Engine/Content/MobileResources/HUD/VirtualJoystick_Background.uexp" 559
"../../../Engine/Content/MobileResources/HUD/DefaultVirtualJoysticks.uasset" 560
"../../../Engine/Content/MobileResources/HUD/DefaultVirtualJoysticks.uexp" 561
"../../../Engine/Content/MobileResources/HUD/LeftVirtualJoystickOnly.uasset" 562
"../../../Engine/Content/MobileResources/HUD/LeftVirtualJoystickOnly.uexp" 563
"../../../Engine/Content/MobileResources/HUD/MobileHUDButton1_off.uasset" 564
"../../../Engine/Content/MobileResources/HUD/MobileHUDButton1_off.uexp" 565
"../../../Engine/Content/MobileResources/HUD/MobileHUDButton1_on.uasset" 566
"../../../Engine/Content/MobileResources/HUD/MobileHUDButton1_on.uexp" 567
"../../../Engine/Content/MobileResources/HUD/MobileHUDButton2_off.uasset" 568
"../../../Engine/Content/MobileResources/HUD/MobileHUDButton2_off.uexp" 569
"../../../Engine/Content/MobileResources/HUD/MobileHUDButton2_on.uasset" 570
"../../../Engine/Content/MobileResources/HUD/MobileHUDButton2_on.uexp" 571
"../../../Engine/Content/MobileResources/HUD/MobileHUDButton3.uasset" 572
"../../../Engine/Content/MobileResources/HUD/MobileHUDButton3.uexp" 573
"../../../Engine/Content/MobileResources/HUD/MobileHUDButtonFire.uasset" 574
"../../../Engine/Content/MobileResources/HUD/MobileHUDButtonFire.uexp" 575
"../../../Engine/Content/MobileResources/HUD/MobileHUDDirectionPad.uasset" 576
"../../../Engine/Content/MobileResources/HUD/MobileHUDDirectionPad.uexp" 577
"../../../Engine/Content/MobileResources/HUD/MobileHUDDirectionPad2.uasset" 578
"../../../Engine/Content/MobileResources/HUD/MobileHUDDirectionPad2.uexp" 579
"../../../Engine/Content/MobileResources/HUD/MobileHUDDirectionPad3.uasset" 580
"../../../Engine/Content/MobileResources/HUD/MobileHUDDirectionPad3.uexp" 581
"../../../Engine/Content/MobileResources/HUD/MobileHUDDirectionStick.uasset" 582
"../../../Engine/Content/MobileResources/HUD/MobileHUDDirectionStick.uexp" 583
"../../../Engine/Content/MobileResources/HUD/T_Castle_ThumbstickInner.uasset" 584
"../../../Engine/Content/MobileResources/HUD/T_Castle_ThumbstickInner.uexp" 585
"../../../Engine/Content/MobileResources/HUD/T_Castle_ThumbstickOutter.uasset" 586
"../../../Engine/Content/MobileResources/HUD/T_Castle_ThumbstickOutter.uexp" 587
"../../../Engine/Content/Tutorial/ContentIntroCurve.uasset" 588
"../../../Engine/Content/Tutorial/ContentIntroCurve.uexp" 589
"../../../Engine/Content/VREditor/TransformGizmo/TranslucentTransformGizmoMaterial.uasset" 590
"../../../Engine/Content/VREditor/TransformGizmo/TranslucentTransformGizmoMaterial.uexp" 591
"../../../Engine/Content/VREditor/LaserPointer/VR_LaserPower_01.uasset" 592
"../../../Engine/Content/VREditor/LaserPointer/VR_LaserPower_01.uexp" 593
"../../../Engine/Content/VREditor/LaserPointer/VR_LaserPower_01.ubulk" 594
"../../../Engine/Content/VREditor/TransformGizmo/TransformGizmoMaterial.uasset" 595
"../../../Engine/Content/VREditor/TransformGizmo/TransformGizmoMaterial.uexp" 596
"../../../Engine/Content/VREditor/TransformGizmo/BoundingBoxCorner.uasset" 597
"../../../Engine/Content/VREditor/TransformGizmo/BoundingBoxCorner.uexp" 598
"../../../Engine/Content/VREditor/TransformGizmo/BoundingBoxEdge.uasset" 599
"../../../Engine/Content/VREditor/TransformGizmo/BoundingBoxEdge.uexp" 600
"../../../Engine/Content/VREditor/TransformGizmo/PlaneTranslationHandle.uasset" 601
"../../../Engine/Content/VREditor/TransformGizmo/PlaneTranslationHandle.uexp" 602
"../../../Engine/Content/VREditor/TransformGizmo/Xray.uasset" 603
"../../../Engine/Content/VREditor/TransformGizmo/Xray.uexp" 604
"../../../Engine/Content/VREditor/TransformGizmo/Main.uasset" 605
"../../../Engine/Content/VREditor/TransformGizmo/Main.uexp" 606
"../../../Engine/Content/VREditor/TransformGizmo/SM_Sequencer_Key.uasset" 607
"../../../Engine/Content/VREditor/TransformGizmo/SM_Sequencer_Key.uexp" 608
"../../../Engine/Content/VREditor/TransformGizmo/SM_Sequencer_Node.uasset" 609
"../../../Engine/Content/VREditor/TransformGizmo/SM_Sequencer_Node.uexp" 610
"../../../Engine/Plugins/2D/Paper2D/Content/PlaceholderTextures/DummySpriteTexture.uasset" 611
"../../../Engine/Plugins/2D/Paper2D/Content/PlaceholderTextures/DummySpriteTexture.uexp" 612
"../../../Engine/Plugins/2D/Paper2D/Content/PlaceholderTextures/DummySpriteTexture.ubulk" 613
"../../../Engine/Plugins/2D/Paper2D/Content/DummySprite.uasset" 614
"../../../Engine/Plugins/2D/Paper2D/Content/DummySprite.uexp" 615
"../../../Engine/Plugins/2D/Paper2D/Content/DefaultPaperTerrainMaterial.uasset" 616
"../../../Engine/Plugins/2D/Paper2D/Content/DefaultPaperTerrainMaterial.uexp" 617
"../../../Engine/Plugins/2D/Paper2D/Content/DefaultSpriteMaterial.uasset" 618
"../../../Engine/Plugins/2D/Paper2D/Content/DefaultSpriteMaterial.uexp" 619
"../../../Engine/Plugins/2D/Paper2D/Content/MaskedUnlitSpriteMaterial.uasset" 620
"../../../Engine/Plugins/2D/Paper2D/Content/MaskedUnlitSpriteMaterial.uexp" 621
"../../../Engine/Plugins/2D/Paper2D/Content/OpaqueUnlitSpriteMaterial.uasset" 622
"../../../Engine/Plugins/2D/Paper2D/Content/OpaqueUnlitSpriteMaterial.uexp" 623
"../../../Engine/Content/Functions/Engine_MaterialFunctions02/Utility/VectorLength.uasset" 624
"../../../Engine/Content/Functions/Engine_MaterialFunctions02/Utility/VectorLength.uexp" 625
"../../../Engine/Content/Functions/Engine_MaterialFunctions02/ObjectLocalBounds.uasset" 626
"../../../Engine/Content/Functions/Engine_MaterialFunctions02/ObjectLocalBounds.uexp" 627
"../../../Engine/Content/Functions/Engine_MaterialFunctions02/WorldPositionOffset/ObjectScale.uasset" 628
"../../../Engine/Content/Functions/Engine_MaterialFunctions02/WorldPositionOffset/ObjectScale.uexp" 629
"../../../Engine/Content/Functions/Engine_MaterialFunctions02/Utility/BreakOutFloat3Components.uasset" 630
"../../../Engine/Content/Functions/Engine_MaterialFunctions02/Utility/BreakOutFloat3Components.uexp" 631
"../../../Engine/Plugins/Editor/SpeedTreeImporter/Content/SpeedTree9/UnpackInteger3.uasset" 632
"../../../Engine/Plugins/Editor/SpeedTreeImporter/Content/SpeedTree9/UnpackInteger3.uexp" 633
"../../../Engine/Plugins/Editor/SpeedTreeImporter/Content/SpeedTree9/UnpackDirection.uasset" 634
"../../../Engine/Plugins/Editor/SpeedTreeImporter/Content/SpeedTree9/UnpackDirection.uexp" 635
"../../../Engine/Plugins/Editor/SpeedTreeImporter/Content/SpeedTree9/game_wind_noise.uasset" 636
"../../../Engine/Plugins/Editor/SpeedTreeImporter/Content/SpeedTree9/game_wind_noise.uexp" 637
"../../../Engine/Plugins/Editor/SpeedTreeImporter/Content/SpeedTree9/game_wind_noise.ubulk" 638
"../../../Engine/Content/Functions/Engine_MaterialFunctions02/SafeNormalize.uasset" 639
"../../../Engine/Content/Functions/Engine_MaterialFunctions02/SafeNormalize.uexp" 640
"../../../Engine/Plugins/Editor/SpeedTreeImporter/Content/SpeedTree9/SpeedTreeWindMotion.uasset" 641
"../../../Engine/Plugins/Editor/SpeedTreeImporter/Content/SpeedTree9/SpeedTreeWindMotion.uexp" 642
"../../../Engine/Plugins/Editor/SpeedTreeImporter/Content/SpeedTree9/SpeedTreeBranchMotion.uasset" 643
"../../../Engine/Plugins/Editor/SpeedTreeImporter/Content/SpeedTree9/SpeedTreeBranchMotion.uexp" 644
"../../../Engine/Content/Functions/Engine_MaterialFunctions02/UVs/BoundingBoxBased_0-1_UVW.uasset" 645
"../../../Engine/Content/Functions/Engine_MaterialFunctions02/UVs/BoundingBoxBased_0-1_UVW.uexp" 646
"../../../Engine/Plugins/Editor/SpeedTreeImporter/Content/SpeedTree9/SpeedTreeWind.uasset" 647
"../../../Engine/Plugins/Editor/SpeedTreeImporter/Content/SpeedTree9/SpeedTreeWind.uexp" 648
"../../../Engine/Plugins/Editor/SpeedTreeImporter/Content/SpeedTree9/SpeedTreeBillboard.uasset" 649
"../../../Engine/Plugins/Editor/SpeedTreeImporter/Content/SpeedTree9/SpeedTreeBillboard.uexp" 650
"../../../Engine/Plugins/Editor/SpeedTreeImporter/Content/SpeedTree9/EmptyNormal.uasset" 651
"../../../Engine/Plugins/Editor/SpeedTreeImporter/Content/SpeedTree9/EmptyNormal.uexp" 652
"../../../Engine/Plugins/Editor/SpeedTreeImporter/Content/SpeedTree9/Empty.uasset" 653
"../../../Engine/Plugins/Editor/SpeedTreeImporter/Content/SpeedTree9/Empty.uexp" 654
"../../../Engine/Plugins/Editor/SpeedTreeImporter/Content/SpeedTree9/SpeedTreeBillboardMaster.uasset" 655
"../../../Engine/Plugins/Editor/SpeedTreeImporter/Content/SpeedTree9/SpeedTreeBillboardMaster.uexp" 656
"../../../Engine/Plugins/Editor/SpeedTreeImporter/Content/SpeedTree9/SpeedTreeCameraFacing.uasset" 657
"../../../Engine/Plugins/Editor/SpeedTreeImporter/Content/SpeedTree9/SpeedTreeCameraFacing.uexp" 658
"../../../Engine/Plugins/Editor/SpeedTreeImporter/Content/SpeedTree9/SpeedTreeMaster.uasset" 659
"../../../Engine/Plugins/Editor/SpeedTreeImporter/Content/SpeedTree9/SpeedTreeMaster.uexp" 660
"../../../Engine/Content/BasicShapes/Cylinder.uasset" 661
"../../../Engine/Content/BasicShapes/Cylinder.uexp" 662
"../../../Engine/Content/ArtTools/RenderToTexture/Materials/Debug/M_Emissive_Color.uasset" 663
"../../../Engine/Content/ArtTools/RenderToTexture/Materials/Debug/M_Emissive_Color.uexp" 664
"../../../Engine/Plugins/Lumin/MagicLeapPassableWorld/Content/MagicLeapARPinInfoActor.uasset" 665
"../../../Engine/Plugins/Lumin/MagicLeapPassableWorld/Content/MagicLeapARPinInfoActor.uexp" 666
"../../../Engine/Content/Functions/Engine_MaterialFunctions02/Utility/BreakOutFloat4Components.uasset" 667
"../../../Engine/Content/Functions/Engine_MaterialFunctions02/Utility/BreakOutFloat4Components.uexp" 668
"../../../Engine/Content/Functions/Engine_MaterialFunctions02/Utility/MakeFloat3.uasset" 669
"../../../Engine/Content/Functions/Engine_MaterialFunctions02/Utility/MakeFloat3.uexp" 670
"../../../Engine/Plugins/Runtime/Oculus/OculusVR/Content/Materials/OculusMR_ChromaKey.uasset" 671
"../../../Engine/Plugins/Runtime/Oculus/OculusVR/Content/Materials/OculusMR_ChromaKey.uexp" 672
"../../../Engine/Plugins/Runtime/Oculus/OculusVR/Content/Materials/OculusMR_OpaqueColoredMaterial.uasset" 673
"../../../Engine/Plugins/Runtime/Oculus/OculusVR/Content/Materials/OculusMR_OpaqueColoredMaterial.uexp" 674
"../../../Engine/Plugins/Runtime/Oculus/OculusVR/Content/Materials/PokeAHoleMaterial.uasset" 675
"../../../Engine/Plugins/Runtime/Oculus/OculusVR/Content/Materials/PokeAHoleMaterial.uexp" 676
"../../../Engine/Plugins/Runtime/Oculus/OculusVR/Content/Textures/touchController_controlmap.uasset" 677
"../../../Engine/Plugins/Runtime/Oculus/OculusVR/Content/Textures/touchController_controlmap.uexp" 678
"../../../Engine/Plugins/Runtime/Oculus/OculusVR/Content/Textures/touchController_controlmap.ubulk" 679
"../../../Engine/Plugins/Runtime/Oculus/OculusVR/Content/Textures/touchController_albedo.uasset" 680
"../../../Engine/Plugins/Runtime/Oculus/OculusVR/Content/Textures/touchController_albedo.uexp" 681
"../../../Engine/Plugins/Runtime/Oculus/OculusVR/Content/Textures/touchController_albedo.ubulk" 682
"../../../Engine/Plugins/Runtime/Oculus/OculusVR/Content/Materials/touchController_mat.uasset" 683
"../../../Engine/Plugins/Runtime/Oculus/OculusVR/Content/Materials/touchController_mat.uexp" 684
"../../../Engine/Plugins/Runtime/Oculus/OculusVR/Content/Meshes/LeftTouchController.uasset" 685
"../../../Engine/Plugins/Runtime/Oculus/OculusVR/Content/Meshes/LeftTouchController.uexp" 686
"../../../Engine/Plugins/Runtime/Oculus/OculusVR/Content/Textures/TouchForQuestRiftSController_albedo.uasset" 687
"../../../Engine/Plugins/Runtime/Oculus/OculusVR/Content/Textures/TouchForQuestRiftSController_albedo.uexp" 688
"../../../Engine/Plugins/Runtime/Oculus/OculusVR/Content/Textures/TouchForQuestRiftSController_albedo.ubulk" 689
"../../../Engine/Plugins/Runtime/Oculus/OculusVR/Content/Materials/TouchForQuestRiftSControllerMaterial.uasset" 690
"../../../Engine/Plugins/Runtime/Oculus/OculusVR/Content/Materials/TouchForQuestRiftSControllerMaterial.uexp" 691
"../../../Engine/Plugins/Runtime/Oculus/OculusVR/Content/Meshes/LeftTouchForQuestRiftSController.uasset" 692
"../../../Engine/Plugins/Runtime/Oculus/OculusVR/Content/Meshes/LeftTouchForQuestRiftSController.uexp" 693
"../../../Engine/Plugins/Runtime/Oculus/OculusVR/Content/Meshes/RiftHMD.uasset" 694
"../../../Engine/Plugins/Runtime/Oculus/OculusVR/Content/Meshes/RiftHMD.uexp" 695
"../../../Engine/Plugins/Runtime/Oculus/OculusVR/Content/Meshes/RightTouchController.uasset" 696
"../../../Engine/Plugins/Runtime/Oculus/OculusVR/Content/Meshes/RightTouchController.uexp" 697
"../../../Engine/Plugins/Runtime/Oculus/OculusVR/Content/Meshes/RightTouchForQuestRiftSController.uasset" 698
"../../../Engine/Plugins/Runtime/Oculus/OculusVR/Content/Meshes/RightTouchForQuestRiftSController.uexp" 699
"../../../Engine/Content/MapTemplates/SM_Template_Map_Floor.uasset" 700
"../../../Engine/Content/MapTemplates/SM_Template_Map_Floor.uexp" 701
"../../../Engine/Content/EngineSky/T_Sky_Stars.uasset" 702
"../../../Engine/Content/EngineSky/T_Sky_Stars.uexp" 703
"../../../Engine/Content/EngineSky/T_Sky_Stars.ubulk" 704
"../../../Engine/Content/EngineSky/T_Sky_Clouds_M.uasset" 705
"../../../Engine/Content/EngineSky/T_Sky_Clouds_M.uexp" 706
"../../../Engine/Content/EngineSky/T_Sky_Clouds_M.ubulk" 707
"../../../Engine/Content/EngineSky/T_Sky_Blue.uasset" 708
"../../../Engine/Content/EngineSky/T_Sky_Blue.uexp" 709
"../../../Engine/Content/EngineSky/T_Sky_Blue.ubulk" 710
"../../../Engine/Content/BasicShapes/Cube.uasset" 711
"../../../Engine/Content/BasicShapes/Cube.uexp" 712
"../../../Engine/Content/EngineSky/M_Sky_Panning_Clouds2.uasset" 713
"../../../Engine/Content/EngineSky/M_Sky_Panning_Clouds2.uexp" 714
"C:/Users/User/Documents/Unreal Projects/HN_EarlyDays_Reborn/Content/Levels/Main_BuiltData.uasset" 715
"C:/Users/User/Documents/Unreal Projects/HN_EarlyDays_Reborn/Content/Levels/Main_BuiltData.uexp" 716
"../../../Engine/Content/EditorBlueprintResources/StandardMacros.uasset" 717
"../../../Engine/Content/EditorBlueprintResources/StandardMacros.uexp" 718
"../../../Engine/Content/EngineSky/SM_SkySphere.uasset" 719
"../../../Engine/Content/EngineSky/SM_SkySphere.uexp" 720
"../../../Engine/Content/EngineSky/C_Sky_Zenith_Color.uasset" 721
"../../../Engine/Content/EngineSky/C_Sky_Zenith_Color.uexp" 722
"../../../Engine/Content/EngineSky/C_Sky_Horizon_Color.uasset" 723
"../../../Engine/Content/EngineSky/C_Sky_Horizon_Color.uexp" 724
"../../../Engine/Content/EngineSky/C_Sky_Cloud_Color.uasset" 725
"../../../Engine/Content/EngineSky/C_Sky_Cloud_Color.uexp" 726
"../../../Engine/Content/EngineSky/BP_Sky_Sphere.uasset" 727
"../../../Engine/Content/EngineSky/BP_Sky_Sphere.uexp" 728
"C:/Users/User/Documents/Unreal Projects/HN_EarlyDays_Reborn/Content/Characters/Neighbor/Textures/T_Neighbor_Skin_N.uasset" 729
"C:/Users/User/Documents/Unreal Projects/HN_EarlyDays_Reborn/Content/Characters/Neighbor/Textures/T_Neighbor_Skin_N.uexp" 730
"C:/Users/User/Documents/Unreal Projects/HN_EarlyDays_Reborn/Content/Characters/Neighbor/Textures/T_Neighbor_Skin_N.ubulk" 731
"C:/Users/User/Documents/Unreal Projects/HN_EarlyDays_Reborn/Content/Characters/Neighbor/Textures/T_Neighbor_Skin_MRS.uasset" 732
"C:/Users/User/Documents/Unreal Projects/HN_EarlyDays_Reborn/Content/Characters/Neighbor/Textures/T_Neighbor_Skin_MRS.uexp" 733
"C:/Users/User/Documents/Unreal Projects/HN_EarlyDays_Reborn/Content/Characters/Neighbor/Textures/T_Neighbor_Skin_MRS.ubulk" 734
"C:/Users/User/Documents/Unreal Projects/HN_EarlyDays_Reborn/Content/Characters/Neighbor/Textures/T_Neighbor_Skin_D_8.uasset" 735
"C:/Users/User/Documents/Unreal Projects/HN_EarlyDays_Reborn/Content/Characters/Neighbor/Textures/T_Neighbor_Skin_D_8.uexp" 736
"C:/Users/User/Documents/Unreal Projects/HN_EarlyDays_Reborn/Content/Characters/Neighbor/Textures/T_Neighbor_Skin_D_8.ubulk" 737
"C:/Users/User/Documents/Unreal Projects/HN_EarlyDays_Reborn/Content/Characters/Neighbor/Materials/MI_Neighbor_Skin.uasset" 738
"C:/Users/User/Documents/Unreal Projects/HN_EarlyDays_Reborn/Content/Characters/Neighbor/Materials/MI_Neighbor_Skin.uexp" 739
"C:/Users/User/Documents/Unreal Projects/HN_EarlyDays_Reborn/Content/Characters/Neighbor/Textures/T_Neighbor_Hair_SRT.uasset" 740
"C:/Users/User/Documents/Unreal Projects/HN_EarlyDays_Reborn/Content/Characters/Neighbor/Textures/T_Neighbor_Hair_SRT.uexp" 741
"C:/Users/User/Documents/Unreal Projects/HN_EarlyDays_Reborn/Content/Characters/Neighbor/Textures/T_Neighbor_Hair_SRT.ubulk" 742
"C:/Users/User/Documents/Unreal Projects/HN_EarlyDays_Reborn/Content/Characters/Neighbor/Textures/T_Neighbor_Hair_R2.uasset" 743
"C:/Users/User/Documents/Unreal Projects/HN_EarlyDays_Reborn/Content/Characters/Neighbor/Textures/T_Neighbor_Hair_R2.uexp" 744
"C:/Users/User/Documents/Unreal Projects/HN_EarlyDays_Reborn/Content/Characters/Neighbor/Textures/T_Neighbor_Hair_R2.ubulk" 745
"C:/Users/User/Documents/Unreal Projects/HN_EarlyDays_Reborn/Content/Characters/Neighbor/Textures/T_Neighbor_Hair_N.uasset" 746
"C:/Users/User/Documents/Unreal Projects/HN_EarlyDays_Reborn/Content/Characters/Neighbor/Textures/T_Neighbor_Hair_N.uexp" 747
"C:/Users/User/Documents/Unreal Projects/HN_EarlyDays_Reborn/Content/Characters/Neighbor/Textures/T_Neighbor_Hair_N.ubulk" 748
"C:/Users/User/Documents/Unreal Projects/HN_EarlyDays_Reborn/Content/Characters/Neighbor/Textures/T_Neighbor_Hair_D.uasset" 749
"C:/Users/User/Documents/Unreal Projects/HN_EarlyDays_Reborn/Content/Characters/Neighbor/Textures/T_Neighbor_Hair_D.uexp" 750
"C:/Users/User/Documents/Unreal Projects/HN_EarlyDays_Reborn/Content/Characters/Neighbor/Textures/T_Neighbor_Hair_D.ubulk" 751
"C:/Users/User/Documents/Unreal Projects/HN_EarlyDays_Reborn/Content/Characters/Neighbor/Materials/MI_Neighbor_Hair.uasset" 752
"C:/Users/User/Documents/Unreal Projects/HN_EarlyDays_Reborn/Content/Characters/Neighbor/Materials/MI_Neighbor_Hair.uexp" 753
"C:/Users/User/Documents/Unreal Projects/HN_EarlyDays_Reborn/Content/Characters/Neighbor/Textures/T_Neighbor_Eyes_Teeth_MRS.uasset" 754
"C:/Users/User/Documents/Unreal Projects/HN_EarlyDays_Reborn/Content/Characters/Neighbor/Textures/T_Neighbor_Eyes_Teeth_MRS.uexp" 755
"C:/Users/User/Documents/Unreal Projects/HN_EarlyDays_Reborn/Content/Characters/Neighbor/Textures/T_Neighbor_Eyes_Teeth_MRS.ubulk" 756
"C:/Users/User/Documents/Unreal Projects/HN_EarlyDays_Reborn/Content/Characters/Neighbor/Textures/T_Neighbor_Eyes_Teeth_D.uasset" 757
"C:/Users/User/Documents/Unreal Projects/HN_EarlyDays_Reborn/Content/Characters/Neighbor/Textures/T_Neighbor_Eyes_Teeth_D.uexp" 758
"C:/Users/User/Documents/Unreal Projects/HN_EarlyDays_Reborn/Content/Characters/Neighbor/Textures/T_Neighbor_Eyes_Teeth_D.ubulk" 759
"C:/Users/User/Documents/Unreal Projects/HN_EarlyDays_Reborn/Content/Characters/Neighbor/Materials/MI_Neighbor_Eye.uasset" 760
"C:/Users/User/Documents/Unreal Projects/HN_EarlyDays_Reborn/Content/Characters/Neighbor/Materials/MI_Neighbor_Eye.uexp" 761
"C:/Users/User/Documents/Unreal Projects/HN_EarlyDays_Reborn/Content/Characters/Neighbor/Textures/T_Neighbor_Clothes_N.uasset" 762
"C:/Users/User/Documents/Unreal Projects/HN_EarlyDays_Reborn/Content/Characters/Neighbor/Textures/T_Neighbor_Clothes_N.uexp" 763
"C:/Users/User/Documents/Unreal Projects/HN_EarlyDays_Reborn/Content/Characters/Neighbor/Textures/T_Neighbor_Clothes_N.ubulk" 764
"C:/Users/User/Documents/Unreal Projects/HN_EarlyDays_Reborn/Content/Characters/Neighbor/Textures/T_Neighbor_Clothes_MRS.uasset" 765
"C:/Users/User/Documents/Unreal Projects/HN_EarlyDays_Reborn/Content/Characters/Neighbor/Textures/T_Neighbor_Clothes_MRS.uexp" 766
"C:/Users/User/Documents/Unreal Projects/HN_EarlyDays_Reborn/Content/Characters/Neighbor/Textures/T_Neighbor_Clothes_MRS.ubulk" 767
"C:/Users/User/Documents/Unreal Projects/HN_EarlyDays_Reborn/Content/Characters/Neighbor/Textures/T_Neighbor_Clothes_D_3.uasset" 768
"C:/Users/User/Documents/Unreal Projects/HN_EarlyDays_Reborn/Content/Characters/Neighbor/Textures/T_Neighbor_Clothes_D_3.uexp" 769
"C:/Users/User/Documents/Unreal Projects/HN_EarlyDays_Reborn/Content/Characters/Neighbor/Textures/T_Neighbor_Clothes_D_3.ubulk" 770
"C:/Users/User/Documents/Unreal Projects/HN_EarlyDays_Reborn/Content/Characters/Neighbor/Materials/MI_Neighbor_Clothes.uasset" 771
"C:/Users/User/Documents/Unreal Projects/HN_EarlyDays_Reborn/Content/Characters/Neighbor/Materials/MI_Neighbor_Clothes.uexp" 772
"C:/Users/User/Documents/Unreal Projects/HN_EarlyDays_Reborn/Content/Characters/Neighbor/Neighbor.uasset" 773
"C:/Users/User/Documents/Unreal Projects/HN_EarlyDays_Reborn/Content/Characters/Neighbor/Neighbor.uexp" 774
"C:/Users/User/Documents/Unreal Projects/HN_EarlyDays_Reborn/Content/Characters/Neighbor/Animations/Sprint.uasset" 775
"C:/Users/User/Documents/Unreal Projects/HN_EarlyDays_Reborn/Content/Characters/Neighbor/Animations/Sprint.uexp" 776
"C:/Users/User/Documents/Unreal Projects/HN_EarlyDays_Reborn/Content/Characters/Neighbor/Animations/Run.uasset" 777
"C:/Users/User/Documents/Unreal Projects/HN_EarlyDays_Reborn/Content/Characters/Neighbor/Animations/Run.uexp" 778
"C:/Users/User/Documents/Unreal Projects/HN_EarlyDays_Reborn/Content/Characters/Neighbor/Animations/Idle.uasset" 779
"C:/Users/User/Documents/Unreal Projects/HN_EarlyDays_Reborn/Content/Characters/Neighbor/Animations/Idle.uexp" 780
"C:/Users/User/Documents/Unreal Projects/HN_EarlyDays_Reborn/Content/Characters/Neighbor/Animations/BS_Move.uasset" 781
"C:/Users/User/Documents/Unreal Projects/HN_EarlyDays_Reborn/Content/Characters/Neighbor/Animations/BS_Move.uexp" 782
"C:/Users/User/Documents/Unreal Projects/HN_EarlyDays_Reborn/Content/Characters/Neighbor/Animations/JumpStart.uasset" 783
"C:/Users/User/Documents/Unreal Projects/HN_EarlyDays_Reborn/Content/Characters/Neighbor/Animations/JumpStart.uexp" 784
"C:/Users/User/Documents/Unreal Projects/HN_EarlyDays_Reborn/Content/Characters/Neighbor/Animations/JumpStart_Montage.uasset" 785
"C:/Users/User/Documents/Unreal Projects/HN_EarlyDays_Reborn/Content/Characters/Neighbor/Animations/JumpStart_Montage.uexp" 786
"C:/Users/User/Documents/Unreal Projects/HN_EarlyDays_Reborn/Content/Characters/Neighbor/Animations/JumpEnd.uasset" 787
"C:/Users/User/Documents/Unreal Projects/HN_EarlyDays_Reborn/Content/Characters/Neighbor/Animations/JumpEnd.uexp" 788
"C:/Users/User/Documents/Unreal Projects/HN_EarlyDays_Reborn/Content/Characters/Neighbor/Animations/JumpEnd_Montage.uasset" 789
"C:/Users/User/Documents/Unreal Projects/HN_EarlyDays_Reborn/Content/Characters/Neighbor/Animations/JumpEnd_Montage.uexp" 790
"C:/Users/User/Documents/Unreal Projects/HN_EarlyDays_Reborn/Content/Characters/Neighbor/Animations/LookUnderTable.uasset" 791
"C:/Users/User/Documents/Unreal Projects/HN_EarlyDays_Reborn/Content/Characters/Neighbor/Animations/LookUnderTable.uexp" 792
"C:/Users/User/Documents/Unreal Projects/HN_EarlyDays_Reborn/Content/Characters/Neighbor/Animations/BS_Crouch.uasset" 793
"C:/Users/User/Documents/Unreal Projects/HN_EarlyDays_Reborn/Content/Characters/Neighbor/Animations/BS_Crouch.uexp" 794
"C:/Users/User/Documents/Unreal Projects/HN_EarlyDays_Reborn/Content/Characters/Neighbor/Animations/JumpCycle.uasset" 795
"C:/Users/User/Documents/Unreal Projects/HN_EarlyDays_Reborn/Content/Characters/Neighbor/Animations/JumpCycle.uexp" 796
"C:/Users/User/Documents/Unreal Projects/HN_EarlyDays_Reborn/Content/Characters/Neighbor/ABP_Neighbor.uasset" 797
"C:/Users/User/Documents/Unreal Projects/HN_EarlyDays_Reborn/Content/Characters/Neighbor/ABP_Neighbor.uexp" 798
"C:/Users/User/Documents/Unreal Projects/HN_EarlyDays_Reborn/Content/Blueprints/BP_Player.uasset" 799
"C:/Users/User/Documents/Unreal Projects/HN_EarlyDays_Reborn/Content/Blueprints/BP_Player.uexp" 800
"C:/Users/User/Documents/Unreal Projects/HN_EarlyDays_Reborn/Content/Blueprints/BP_Gamemode.uasset" 801
"C:/Users/User/Documents/Unreal Projects/HN_EarlyDays_Reborn/Content/Blueprints/BP_Gamemode.uexp" 802
"C:/Users/User/Documents/Unreal Projects/HN_EarlyDays_Reborn/Content/Characters/Guest/Textures/T_GuestCloak_N.uasset" 803
"C:/Users/User/Documents/Unreal Projects/HN_EarlyDays_Reborn/Content/Characters/Guest/Textures/T_GuestCloak_N.uexp" 804
"C:/Users/User/Documents/Unreal Projects/HN_EarlyDays_Reborn/Content/Characters/Guest/Textures/T_GuestCloak_N.ubulk" 805
"C:/Users/User/Documents/Unreal Projects/HN_EarlyDays_Reborn/Content/Characters/Guest/Textures/T_GuestCloak_MRS.uasset" 806
"C:/Users/User/Documents/Unreal Projects/HN_EarlyDays_Reborn/Content/Characters/Guest/Textures/T_GuestCloak_MRS.uexp" 807
"C:/Users/User/Documents/Unreal Projects/HN_EarlyDays_Reborn/Content/Characters/Guest/Textures/T_GuestCloak_MRS.ubulk" 808
"C:/Users/User/Documents/Unreal Projects/HN_EarlyDays_Reborn/Content/Characters/Guest/Textures/T_GuestCloak_D.uasset" 809
"C:/Users/User/Documents/Unreal Projects/HN_EarlyDays_Reborn/Content/Characters/Guest/Textures/T_GuestCloak_D.uexp" 810
"C:/Users/User/Documents/Unreal Projects/HN_EarlyDays_Reborn/Content/Characters/Guest/Textures/T_GuestCloak_D.ubulk" 811
"C:/Users/User/Documents/Unreal Projects/HN_EarlyDays_Reborn/Content/Characters/Guest/Materials/MI_GuestCloak.uasset" 812
"C:/Users/User/Documents/Unreal Projects/HN_EarlyDays_Reborn/Content/Characters/Guest/Materials/MI_GuestCloak.uexp" 813
"C:/Users/User/Documents/Unreal Projects/HN_EarlyDays_Reborn/Content/Characters/Guest/Textures/T_Guest_N.uasset" 814
"C:/Users/User/Documents/Unreal Projects/HN_EarlyDays_Reborn/Content/Characters/Guest/Textures/T_Guest_N.uexp" 815
"C:/Users/User/Documents/Unreal Projects/HN_EarlyDays_Reborn/Content/Characters/Guest/Textures/T_Guest_N.ubulk" 816
"C:/Users/User/Documents/Unreal Projects/HN_EarlyDays_Reborn/Content/Characters/Guest/Textures/T_Guest_MRS.uasset" 817
"C:/Users/User/Documents/Unreal Projects/HN_EarlyDays_Reborn/Content/Characters/Guest/Textures/T_Guest_MRS.uexp" 818
"C:/Users/User/Documents/Unreal Projects/HN_EarlyDays_Reborn/Content/Characters/Guest/Textures/T_Guest_MRS.ubulk" 819
"C:/Users/User/Documents/Unreal Projects/HN_EarlyDays_Reborn/Content/Characters/Guest/Textures/T_Guest_D.uasset" 820
"C:/Users/User/Documents/Unreal Projects/HN_EarlyDays_Reborn/Content/Characters/Guest/Textures/T_Guest_D.uexp" 821
"C:/Users/User/Documents/Unreal Projects/HN_EarlyDays_Reborn/Content/Characters/Guest/Textures/T_Guest_D.ubulk" 822
"C:/Users/User/Documents/Unreal Projects/HN_EarlyDays_Reborn/Content/Characters/Guest/Materials/MI_Guest.uasset" 823
"C:/Users/User/Documents/Unreal Projects/HN_EarlyDays_Reborn/Content/Characters/Guest/Materials/MI_Guest.uexp" 824
"C:/Users/User/Documents/Unreal Projects/HN_EarlyDays_Reborn/Content/Characters/Guest/GuestNew.uasset" 825
"C:/Users/User/Documents/Unreal Projects/HN_EarlyDays_Reborn/Content/Characters/Guest/GuestNew.uexp" 826
"C:/Users/User/Documents/Unreal Projects/HN_EarlyDays_Reborn/Content/USED_LOGO.uasset" 827
"C:/Users/User/Documents/Unreal Projects/HN_EarlyDays_Reborn/Content/USED_LOGO.uexp" 828
"C:/Users/User/Documents/Unreal Projects/HN_EarlyDays_Reborn/Content/USED_LOGO_Mat.uasset" 829
"C:/Users/User/Documents/Unreal Projects/HN_EarlyDays_Reborn/Content/USED_LOGO_Mat.uexp" 830
"C:/Users/User/Documents/Unreal Projects/HN_EarlyDays_Reborn/Content/Levels/Main.uexp" 831
"C:/Users/User/Documents/Unreal Projects/HN_EarlyDays_Reborn/Content/Levels/Main.umap" 832
"../../../Engine/Content/BasicShapes/Sphere.uasset" 833
"../../../Engine/Content/BasicShapes/Sphere.uexp" 834
"../../../Engine/Content/MapTemplates/TilingNoise05.uasset" 835
"../../../Engine/Content/MapTemplates/TilingNoise05.uexp" 836
"../../../Engine/Content/MapTemplates/TilingNoise05.ubulk" 837
"../../../Engine/Content/Functions/Engine_MaterialFunctions02/SplitComponents.uasset" 838
"../../../Engine/Content/Functions/Engine_MaterialFunctions02/SplitComponents.uexp" 839
"../../../Engine/Content/EngineSky/M_SkyTimeOfDay.uasset" 840
"../../../Engine/Content/EngineSky/M_SkyTimeOfDay.uexp" 841
"C:/Users/User/Documents/Unreal Projects/HN_EarlyDays_Reborn/Content/Levels/StayinNeighbor.uexp" 842
"C:/Users/User/Documents/Unreal Projects/HN_EarlyDays_Reborn/Content/Levels/StayinNeighbor.umap" 843
"../../../Engine/Content/Maps/Entry_BuiltData.uasset" 844
"../../../Engine/Content/Maps/Entry_BuiltData.uexp" 845
"../../../Engine/Content/Maps/Entry.uexp" 846
"../../../Engine/Content/Maps/Entry.umap" 847
